TN:
SF:src\cep.config.ts
FNF:0
FNH:0
DA:2,0
DA:4,0
DA:56,0
LF:3
LH:0
BRF:0
BRH:0
end_of_record
TN:
SF:src\js\components\AboutModal.tsx
FN:6,(anonymous_1)
FN:9,(anonymous_2)
FN:13,(anonymous_3)
FNF:3
FNH:0
FNDA:0,(anonymous_1)
FNDA:0,(anonymous_2)
FNDA:0,(anonymous_3)
DA:1,0
DA:2,0
DA:3,0
DA:4,0
DA:6,0
DA:7,0
DA:9,0
DA:10,0
DA:13,0
DA:14,0
DA:15,0
DA:19,0
DA:138,0
LF:13
LH:0
BRDA:14,0,0,0
BRF:1
BRH:0
end_of_record
TN:
SF:src\js\components\AppIntegration.tsx
FN:14,(anonymous_10)
FN:22,(anonymous_11)
FN:23,(anonymous_12)
FN:28,(anonymous_13)
FN:38,(anonymous_14)
FN:48,(anonymous_15)
FN:49,(anonymous_16)
FN:81,(anonymous_17)
FN:85,(anonymous_18)
FN:88,(anonymous_19)
FN:95,(anonymous_20)
FN:99,(anonymous_21)
FN:101,(anonymous_22)
FN:113,(anonymous_23)
FN:118,(anonymous_24)
FN:121,(anonymous_25)
FN:148,(anonymous_26)
FN:164,(anonymous_27)
FNF:18
FNH:12
FNDA:28,(anonymous_10)
FNDA:27,(anonymous_11)
FNDA:1,(anonymous_12)
FNDA:0,(anonymous_13)
FNDA:27,(anonymous_14)
FNDA:27,(anonymous_15)
FNDA:4,(anonymous_16)
FNDA:27,(anonymous_17)
FNDA:27,(anonymous_18)
FNDA:0,(anonymous_19)
FNDA:0,(anonymous_20)
FNDA:27,(anonymous_21)
FNDA:0,(anonymous_22)
FNDA:0,(anonymous_23)
FNDA:27,(anonymous_24)
FNDA:0,(anonymous_25)
FNDA:27,(anonymous_26)
FNDA:27,(anonymous_27)
DA:1,2
DA:2,2
DA:3,2
DA:4,2
DA:5,2
DA:14,2
DA:17,28
DA:18,28
DA:19,28
DA:22,28
DA:23,27
DA:24,1
DA:25,1
DA:28,27
DA:29,0
DA:30,0
DA:35,27
DA:36,27
DA:38,27
DA:39,27
DA:40,27
DA:48,28
DA:49,27
DA:51,4
DA:53,0
DA:54,0
DA:55,0
DA:57,0
DA:63,4
DA:68,0
DA:70,0
DA:74,4
DA:75,0
DA:76,0
DA:80,27
DA:81,27
DA:85,28
DA:86,27
DA:88,0
DA:89,0
DA:91,0
DA:95,0
DA:99,28
DA:100,27
DA:101,0
DA:102,0
DA:103,0
DA:104,0
DA:111,0
DA:113,0
DA:118,28
DA:119,27
DA:121,27
DA:122,0
DA:124,0
DA:127,0
DA:130,0
DA:132,0
DA:137,27
DA:138,27
DA:142,27
DA:148,27
DA:149,27
DA:150,27
DA:154,27
DA:164,28
DA:165,27
DA:167,27
DA:169,27
DA:171,0
DA:176,28
DA:191,2
LF:72
LH:46
BRDA:25,0,0,1
BRDA:25,0,1,0
BRDA:31,1,0,0
BRDA:31,1,1,0
BRDA:51,2,0,0
BRDA:53,3,0,0
BRDA:55,4,0,0
BRDA:63,5,0,0
BRDA:64,6,0,4
BRDA:64,6,1,4
BRDA:64,6,2,0
BRDA:64,6,3,0
BRDA:74,7,0,0
BRDA:74,8,0,4
BRDA:74,8,1,4
BRDA:74,8,2,0
BRDA:86,9,0,27
BRDA:89,10,0,0
BRDA:100,11,0,0
BRDA:103,12,0,0
BRDA:119,13,0,27
BRDA:124,14,0,0
BRDA:124,14,1,0
BRDA:124,14,2,0
BRDA:137,15,0,27
BRDA:149,16,0,27
BRDA:165,17,0,27
BRDA:165,18,0,27
BRDA:165,18,1,27
BRF:29
BRH:12
end_of_record
TN:
SF:src\js\components\CommandPalette.tsx
FN:29,(anonymous_9)
FN:46,(anonymous_10)
FN:55,(anonymous_11)
FN:64,(anonymous_12)
FN:75,(anonymous_13)
FN:84,(anonymous_14)
FN:93,(anonymous_15)
FN:104,(anonymous_16)
FN:115,(anonymous_17)
FN:122,(anonymous_18)
FN:129,(anonymous_19)
FN:140,(anonymous_20)
FN:148,(anonymous_21)
FN:149,(anonymous_22)
FN:159,(anonymous_23)
FN:165,(anonymous_24)
FN:181,(anonymous_25)
FN:184,(anonymous_26)
FN:202,(anonymous_27)
FN:211,(anonymous_28)
FN:219,(anonymous_29)
FN:222,(anonymous_30)
FN:230,(anonymous_31)
FNF:23
FNH:0
FNDA:0,(anonymous_9)
FNDA:0,(anonymous_10)
FNDA:0,(anonymous_11)
FNDA:0,(anonymous_12)
FNDA:0,(anonymous_13)
FNDA:0,(anonymous_14)
FNDA:0,(anonymous_15)
FNDA:0,(anonymous_16)
FNDA:0,(anonymous_17)
FNDA:0,(anonymous_18)
FNDA:0,(anonymous_19)
FNDA:0,(anonymous_20)
FNDA:0,(anonymous_21)
FNDA:0,(anonymous_22)
FNDA:0,(anonymous_23)
FNDA:0,(anonymous_24)
FNDA:0,(anonymous_25)
FNDA:0,(anonymous_26)
FNDA:0,(anonymous_27)
FNDA:0,(anonymous_28)
FNDA:0,(anonymous_29)
FNDA:0,(anonymous_30)
FNDA:0,(anonymous_31)
DA:1,0
DA:2,0
DA:11,0
DA:29,0
DA:34,0
DA:35,0
DA:36,0
DA:37,0
DA:39,0
DA:46,0
DA:55,0
DA:64,0
DA:75,0
DA:84,0
DA:93,0
DA:104,0
DA:115,0
DA:121,0
DA:123,0
DA:128,0
DA:130,0
DA:131,0
DA:132,0
DA:134,0
DA:135,0
DA:140,0
DA:141,0
DA:142,0
DA:143,0
DA:144,0
DA:148,0
DA:149,0
DA:150,0
DA:152,0
DA:154,0
DA:155,0
DA:156,0
DA:158,0
DA:159,0
DA:160,0
DA:162,0
DA:164,0
DA:165,0
DA:166,0
DA:168,0
DA:170,0
DA:171,0
DA:172,0
DA:173,0
DA:174,0
DA:176,0
DA:180,0
DA:181,0
DA:184,0
DA:185,0
DA:186,0
DA:189,0
DA:190,0
DA:198,0
DA:200,0
DA:202,0
DA:211,0
DA:220,0
DA:223,0
DA:224,0
DA:231,0
DA:232,0
DA:233,0
DA:272,0
LF:69
LH:0
BRDA:123,0,0,0
BRDA:123,0,1,0
BRDA:123,0,2,0
BRDA:131,1,0,0
BRDA:141,2,0,0
BRDA:141,3,0,0
BRDA:141,3,1,0
BRDA:150,4,0,0
BRDA:152,5,0,0
BRDA:152,5,1,0
BRDA:152,5,2,0
BRDA:152,5,3,0
BRDA:160,6,0,0
BRDA:160,6,1,0
BRDA:166,7,0,0
BRDA:166,7,1,0
BRDA:171,8,0,0
BRDA:185,9,0,0
BRDA:185,10,0,0
BRDA:185,10,1,0
BRDA:189,11,0,0
BRDA:198,12,0,0
BRDA:228,13,0,0
BRDA:228,13,1,0
BRDA:237,14,0,0
BRDA:237,14,1,0
BRDA:243,15,0,0
BRDA:243,15,1,0
BRDA:249,16,0,0
BRDA:249,16,1,0
BRDA:261,17,0,0
BRDA:261,17,1,0
BRF:32
BRH:0
end_of_record
TN:
SF:src\js\components\ContextMenu.tsx
FN:22,(anonymous_9)
FN:31,(anonymous_10)
FN:34,(anonymous_11)
FN:40,(anonymous_12)
FN:49,(anonymous_13)
FN:55,(anonymous_14)
FN:84,(anonymous_15)
FN:93,(anonymous_16)
FN:104,(anonymous_17)
FNF:9
FNH:3
FNDA:28,(anonymous_9)
FNDA:27,(anonymous_10)
FNDA:0,(anonymous_11)
FNDA:0,(anonymous_12)
FNDA:0,(anonymous_13)
FNDA:27,(anonymous_14)
FNDA:0,(anonymous_15)
FNDA:0,(anonymous_16)
FNDA:0,(anonymous_17)
DA:1,2
DA:2,2
DA:22,2
DA:28,28
DA:29,28
DA:31,28
DA:32,27
DA:34,0
DA:35,0
DA:36,0
DA:40,0
DA:41,0
DA:42,0
DA:46,0
DA:47,0
DA:49,0
DA:50,0
DA:51,0
DA:55,28
DA:56,27
DA:58,0
DA:59,0
DA:60,0
DA:65,0
DA:68,0
DA:69,0
DA:73,0
DA:74,0
DA:78,0
DA:79,0
DA:81,0
DA:84,28
DA:85,0
DA:87,0
DA:88,0
DA:89,0
DA:93,28
DA:94,0
DA:95,0
DA:98,0
DA:104,0
DA:118,28
DA:120,0
DA:134,2
LF:44
LH:13
BRDA:32,0,0,27
BRDA:35,1,0,0
BRDA:35,2,0,0
BRDA:35,2,1,0
BRDA:41,3,0,0
BRDA:56,4,0,27
BRDA:56,5,0,27
BRDA:56,5,1,0
BRDA:68,6,0,0
BRDA:73,7,0,0
BRDA:85,8,0,0
BRDA:85,9,0,0
BRDA:85,9,1,0
BRDA:87,10,0,0
BRDA:94,11,0,0
BRDA:102,12,0,0
BRDA:102,12,1,0
BRDA:106,13,0,0
BRDA:106,13,1,0
BRDA:110,14,0,0
BRDA:110,14,1,0
BRDA:113,15,0,0
BRDA:113,15,1,0
BRDA:118,16,0,28
BRF:24
BRH:4
end_of_record
TN:
SF:src\js\components\EditorContainer.tsx
FN:18,(anonymous_9)
FN:43,(anonymous_10)
FN:51,(anonymous_11)
FN:52,(anonymous_12)
FN:64,(anonymous_13)
FN:72,(anonymous_14)
FN:89,(anonymous_15)
FN:94,(anonymous_16)
FNF:8
FNH:0
FNDA:0,(anonymous_9)
FNDA:0,(anonymous_10)
FNDA:0,(anonymous_11)
FNDA:0,(anonymous_12)
FNDA:0,(anonymous_13)
FNDA:0,(anonymous_14)
FNDA:0,(anonymous_15)
FNDA:0,(anonymous_16)
DA:1,0
DA:2,0
DA:3,0
DA:4,0
DA:6,0
DA:7,0
DA:18,0
DA:26,0
DA:33,0
DA:35,0
DA:43,0
DA:44,0
DA:48,0
DA:50,0
DA:52,0
DA:59,0
DA:64,0
DA:65,0
DA:66,0
DA:67,0
DA:68,0
DA:70,0
DA:72,0
DA:73,0
DA:75,0
DA:77,0
DA:89,0
DA:90,0
DA:91,0
DA:94,0
DA:99,0
DA:102,0
DA:112,0
DA:164,0
LF:34
LH:0
BRDA:20,0,0,0
BRDA:21,1,0,0
BRDA:24,2,0,0
BRDA:65,3,0,0
BRDA:65,4,0,0
BRDA:65,4,1,0
BRDA:75,5,0,0
BRDA:75,5,1,0
BRDA:90,6,0,0
BRDA:104,7,0,0
BRDA:104,7,1,0
BRDA:117,8,0,0
BRDA:117,8,1,0
BRDA:154,9,0,0
BRDA:154,9,1,0
BRDA:155,10,0,0
BRDA:155,10,1,0
BRF:17
BRH:0
end_of_record
TN:
SF:src\js\components\ErrorBoundary.tsx
FN:18,(anonymous_9)
FN:50,(anonymous_10)
FN:58,(anonymous_11)
FN:27,(anonymous_12)
FN:35,(anonymous_13)
FN:62,(anonymous_14)
FNF:6
FNH:2
FNDA:27,(anonymous_9)
FNDA:0,(anonymous_10)
FNDA:0,(anonymous_11)
FNDA:0,(anonymous_12)
FNDA:0,(anonymous_13)
FNDA:27,(anonymous_14)
DA:1,2
DA:2,2
DA:3,2
DA:19,27
DA:20,27
DA:28,0
DA:36,0
DA:42,0
DA:45,0
DA:46,0
DA:50,27
DA:51,0
DA:58,27
DA:59,0
DA:63,27
DA:65,0
DA:66,0
DA:70,0
DA:120,27
DA:124,2
LF:20
LH:10
BRDA:45,0,0,0
BRDA:63,1,0,0
BRDA:65,2,0,0
BRDA:92,3,0,0
BRDA:92,3,1,0
BRDA:92,3,2,0
BRDA:99,4,0,0
BRDA:99,4,1,0
BRDA:106,5,0,0
BRDA:106,5,1,0
BRF:10
BRH:0
end_of_record
TN:
SF:src\js\components\ExpressionEditor.tsx
FN:54,(anonymous_10)
FN:102,(anonymous_11)
FN:122,(anonymous_12)
FN:142,(anonymous_13)
FN:162,(anonymous_14)
FN:182,(anonymous_15)
FN:202,(anonymous_16)
FN:211,(anonymous_17)
FN:216,(anonymous_18)
FN:221,(anonymous_19)
FN:229,(anonymous_20)
FN:246,(anonymous_21)
FN:276,(anonymous_22)
FN:290,(anonymous_23)
FN:293,(anonymous_24)
FN:308,(anonymous_25)
FN:310,(anonymous_26)
FN:314,(anonymous_27)
FN:318,(anonymous_28)
FN:328,(anonymous_29)
FN:333,(anonymous_30)
FN:342,(anonymous_31)
FN:355,(anonymous_32)
FN:372,(anonymous_33)
FN:381,(anonymous_34)
FN:404,(anonymous_35)
FN:414,(anonymous_36)
FN:428,(anonymous_37)
FN:439,(anonymous_38)
FN:449,(anonymous_39)
FN:468,(anonymous_40)
FN:471,(anonymous_41)
FN:482,(anonymous_42)
FN:498,(anonymous_43)
FN:517,(anonymous_44)
FN:529,(anonymous_45)
FN:530,(anonymous_46)
FN:553,(anonymous_47)
FN:561,(anonymous_48)
FN:570,(anonymous_49)
FN:601,(anonymous_50)
FN:612,(anonymous_51)
FN:623,(anonymous_52)
FN:631,(anonymous_53)
FN:654,(anonymous_54)
FN:669,(anonymous_55)
FN:687,(anonymous_56)
FN:698,(anonymous_57)
FN:722,(anonymous_58)
FN:753,(anonymous_59)
FN:770,(anonymous_60)
FN:773,(anonymous_61)
FN:816,(anonymous_62)
FN:823,(anonymous_63)
FN:827,(anonymous_64)
FN:833,(anonymous_65)
FN:841,(anonymous_66)
FN:849,(anonymous_67)
FN:857,(anonymous_68)
FN:865,(anonymous_69)
FN:873,(anonymous_70)
FN:925,(anonymous_71)
FN:934,(anonymous_72)
FN:943,(anonymous_73)
FN:959,(anonymous_74)
FN:976,(anonymous_75)
FN:1097,(anonymous_76)
FN:1099,(anonymous_77)
FN:1113,(anonymous_78)
FN:1123,(anonymous_79)
FN:1137,(anonymous_80)
FN:1163,(anonymous_81)
FN:1178,(anonymous_82)
FNF:73
FNH:0
FNDA:0,(anonymous_10)
FNDA:0,(anonymous_11)
FNDA:0,(anonymous_12)
FNDA:0,(anonymous_13)
FNDA:0,(anonymous_14)
FNDA:0,(anonymous_15)
FNDA:0,(anonymous_16)
FNDA:0,(anonymous_17)
FNDA:0,(anonymous_18)
FNDA:0,(anonymous_19)
FNDA:0,(anonymous_20)
FNDA:0,(anonymous_21)
FNDA:0,(anonymous_22)
FNDA:0,(anonymous_23)
FNDA:0,(anonymous_24)
FNDA:0,(anonymous_25)
FNDA:0,(anonymous_26)
FNDA:0,(anonymous_27)
FNDA:0,(anonymous_28)
FNDA:0,(anonymous_29)
FNDA:0,(anonymous_30)
FNDA:0,(anonymous_31)
FNDA:0,(anonymous_32)
FNDA:0,(anonymous_33)
FNDA:0,(anonymous_34)
FNDA:0,(anonymous_35)
FNDA:0,(anonymous_36)
FNDA:0,(anonymous_37)
FNDA:0,(anonymous_38)
FNDA:0,(anonymous_39)
FNDA:0,(anonymous_40)
FNDA:0,(anonymous_41)
FNDA:0,(anonymous_42)
FNDA:0,(anonymous_43)
FNDA:0,(anonymous_44)
FNDA:0,(anonymous_45)
FNDA:0,(anonymous_46)
FNDA:0,(anonymous_47)
FNDA:0,(anonymous_48)
FNDA:0,(anonymous_49)
FNDA:0,(anonymous_50)
FNDA:0,(anonymous_51)
FNDA:0,(anonymous_52)
FNDA:0,(anonymous_53)
FNDA:0,(anonymous_54)
FNDA:0,(anonymous_55)
FNDA:0,(anonymous_56)
FNDA:0,(anonymous_57)
FNDA:0,(anonymous_58)
FNDA:0,(anonymous_59)
FNDA:0,(anonymous_60)
FNDA:0,(anonymous_61)
FNDA:0,(anonymous_62)
FNDA:0,(anonymous_63)
FNDA:0,(anonymous_64)
FNDA:0,(anonymous_65)
FNDA:0,(anonymous_66)
FNDA:0,(anonymous_67)
FNDA:0,(anonymous_68)
FNDA:0,(anonymous_69)
FNDA:0,(anonymous_70)
FNDA:0,(anonymous_71)
FNDA:0,(anonymous_72)
FNDA:0,(anonymous_73)
FNDA:0,(anonymous_74)
FNDA:0,(anonymous_75)
FNDA:0,(anonymous_76)
FNDA:0,(anonymous_77)
FNDA:0,(anonymous_78)
FNDA:0,(anonymous_79)
FNDA:0,(anonymous_80)
FNDA:0,(anonymous_81)
FNDA:0,(anonymous_82)
DA:1,0
DA:2,0
DA:3,0
DA:4,0
DA:5,0
DA:12,0
DA:16,0
DA:22,0
DA:29,0
DA:36,0
DA:37,0
DA:39,0
DA:47,0
DA:54,0
DA:58,0
DA:60,0
DA:62,0
DA:73,0
DA:74,0
DA:75,0
DA:76,0
DA:77,0
DA:80,0
DA:81,0
DA:84,0
DA:85,0
DA:88,0
DA:89,0
DA:90,0
DA:95,0
DA:96,0
DA:98,0
DA:99,0
DA:102,0
DA:103,0
DA:104,0
DA:107,0
DA:110,0
DA:112,0
DA:113,0
DA:114,0
DA:117,0
DA:118,0
DA:122,0
DA:123,0
DA:124,0
DA:125,0
DA:126,0
DA:127,0
DA:129,0
DA:130,0
DA:131,0
DA:132,0
DA:136,0
DA:141,0
DA:143,0
DA:144,0
DA:145,0
DA:146,0
DA:147,0
DA:149,0
DA:155,0
DA:162,0
DA:163,0
DA:164,0
DA:165,0
DA:166,0
DA:167,0
DA:169,0
DA:170,0
DA:171,0
DA:172,0
DA:176,0
DA:181,0
DA:183,0
DA:184,0
DA:185,0
DA:186,0
DA:187,0
DA:189,0
DA:195,0
DA:202,0
DA:203,0
DA:204,0
DA:206,0
DA:211,0
DA:212,0
DA:213,0
DA:214,0
DA:216,0
DA:217,0
DA:221,0
DA:222,0
DA:223,0
DA:229,0
DA:230,0
DA:231,0
DA:232,0
DA:233,0
DA:235,0
DA:236,0
DA:237,0
DA:238,0
DA:239,0
DA:245,0
DA:247,0
DA:248,0
DA:252,0
DA:264,0
DA:265,0
DA:267,0
DA:270,0
DA:276,0
DA:277,0
DA:287,0
DA:290,0
DA:291,0
DA:293,0
DA:301,0
DA:302,0
DA:304,0
DA:308,0
DA:309,0
DA:310,0
DA:311,0
DA:314,0
DA:316,0
DA:317,0
DA:318,0
DA:325,0
DA:327,0
DA:328,0
DA:332,0
DA:334,0
DA:336,0
DA:337,0
DA:339,0
DA:342,0
DA:343,0
DA:355,0
DA:356,0
DA:367,0
DA:372,0
DA:373,0
DA:375,0
DA:376,0
DA:378,0
DA:381,0
DA:383,0
DA:389,0
DA:401,0
DA:404,0
DA:405,0
DA:406,0
DA:407,0
DA:408,0
DA:411,0
DA:412,0
DA:413,0
DA:414,0
DA:418,0
DA:419,0
DA:420,0
DA:423,0
DA:424,0
DA:425,0
DA:428,0
DA:439,0
DA:440,0
DA:442,0
DA:443,0
DA:445,0
DA:446,0
DA:448,0
DA:449,0
DA:456,0
DA:459,0
DA:460,0
DA:464,0
DA:468,0
DA:469,0
DA:471,0
DA:473,0
DA:474,0
DA:477,0
DA:478,0
DA:481,0
DA:482,0
DA:486,0
DA:487,0
DA:492,0
DA:497,0
DA:498,0
DA:507,0
DA:508,0
DA:516,0
DA:517,0
DA:529,0
DA:530,0
DA:538,0
DA:539,0
DA:540,0
DA:541,0
DA:546,0
DA:547,0
DA:549,0
DA:553,0
DA:554,0
DA:556,0
DA:561,0
DA:563,0
DA:564,0
DA:569,0
DA:570,0
DA:580,0
DA:583,0
DA:584,0
DA:592,0
DA:593,0
DA:594,0
DA:595,0
DA:600,0
DA:601,0
DA:611,0
DA:613,0
DA:614,0
DA:615,0
DA:617,0
DA:622,0
DA:624,0
DA:625,0
DA:630,0
DA:632,0
DA:633,0
DA:634,0
DA:636,0
DA:637,0
DA:638,0
DA:639,0
DA:642,0
DA:653,0
DA:655,0
DA:656,0
DA:658,0
DA:659,0
DA:660,0
DA:661,0
DA:668,0
DA:670,0
DA:671,0
DA:673,0
DA:675,0
DA:676,0
DA:677,0
DA:678,0
DA:679,0
DA:687,0
DA:688,0
DA:689,0
DA:690,0
DA:691,0
DA:697,0
DA:700,0
DA:701,0
DA:702,0
DA:706,0
DA:707,0
DA:708,0
DA:709,0
DA:713,0
DA:721,0
DA:723,0
DA:727,0
DA:728,0
DA:731,0
DA:737,0
DA:745,0
DA:752,0
DA:758,0
DA:760,0
DA:761,0
DA:772,0
DA:773,0
DA:780,0
DA:781,0
DA:784,0
DA:788,0
DA:792,0
DA:794,0
DA:795,0
DA:815,0
DA:817,0
DA:820,0
DA:823,0
DA:824,0
DA:827,0
DA:828,0
DA:831,0
DA:834,0
DA:839,0
DA:842,0
DA:847,0
DA:850,0
DA:855,0
DA:858,0
DA:863,0
DA:866,0
DA:871,0
DA:888,0
DA:889,0
DA:910,0
DA:925,0
DA:934,0
DA:943,0
DA:959,0
DA:976,0
DA:1097,0
DA:1099,0
DA:1113,0
DA:1124,0
DA:1138,0
DA:1163,0
DA:1178,0
DA:1223,0
LF:324
LH:0
BRDA:124,0,0,0
BRDA:124,1,0,0
BRDA:124,1,1,0
BRDA:129,2,0,0
BRDA:129,3,0,0
BRDA:129,3,1,0
BRDA:132,4,0,0
BRDA:132,4,1,0
BRDA:144,5,0,0
BRDA:144,6,0,0
BRDA:144,6,1,0
BRDA:164,7,0,0
BRDA:164,8,0,0
BRDA:164,8,1,0
BRDA:169,9,0,0
BRDA:169,10,0,0
BRDA:169,10,1,0
BRDA:172,11,0,0
BRDA:172,11,1,0
BRDA:184,12,0,0
BRDA:184,13,0,0
BRDA:184,13,1,0
BRDA:203,14,0,0
BRDA:203,14,1,0
BRDA:212,15,0,0
BRDA:212,16,0,0
BRDA:212,16,1,0
BRDA:212,16,2,0
BRDA:213,17,0,0
BRDA:222,18,0,0
BRDA:230,19,0,0
BRDA:230,19,1,0
BRDA:230,20,0,0
BRDA:230,20,1,0
BRDA:230,20,2,0
BRDA:236,21,0,0
BRDA:238,22,0,0
BRDA:248,23,0,0
BRDA:248,23,1,0
BRDA:264,24,0,0
BRDA:264,24,1,0
BRDA:291,25,0,0
BRDA:301,26,0,0
BRDA:301,26,1,0
BRDA:309,27,0,0
BRDA:334,28,0,0
BRDA:337,29,0,0
BRDA:373,30,0,0
BRDA:376,31,0,0
BRDA:383,32,0,0
BRDA:383,32,1,0
BRDA:385,33,0,0
BRDA:385,33,1,0
BRDA:412,34,0,0
BRDA:419,35,0,0
BRDA:424,36,0,0
BRDA:440,37,0,0
BRDA:440,38,0,0
BRDA:440,38,1,0
BRDA:443,39,0,0
BRDA:448,40,0,0
BRDA:459,41,0,0
BRDA:469,42,0,0
BRDA:469,43,0,0
BRDA:469,43,1,0
BRDA:477,44,0,0
BRDA:477,45,0,0
BRDA:477,45,1,0
BRDA:481,46,0,0
BRDA:486,47,0,0
BRDA:497,48,0,0
BRDA:507,49,0,0
BRDA:538,50,0,0
BRDA:540,51,0,0
BRDA:546,52,0,0
BRDA:546,52,1,0
BRDA:554,53,0,0
BRDA:554,54,0,0
BRDA:554,54,1,0
BRDA:556,55,0,0
BRDA:569,56,0,0
BRDA:583,57,0,0
BRDA:592,58,0,0
BRDA:594,59,0,0
BRDA:614,60,0,0
BRDA:633,61,0,0
BRDA:636,62,0,0
BRDA:655,63,0,0
BRDA:658,64,0,0
BRDA:673,65,0,0
BRDA:676,66,0,0
BRDA:678,67,0,0
BRDA:688,68,0,0
BRDA:688,69,0,0
BRDA:688,69,1,0
BRDA:700,70,0,0
BRDA:700,71,0,0
BRDA:700,71,1,0
BRDA:706,72,0,0
BRDA:706,73,0,0
BRDA:706,73,1,0
BRDA:708,74,0,0
BRDA:708,75,0,0
BRDA:708,75,1,0
BRDA:723,76,0,0
BRDA:727,77,0,0
BRDA:728,78,0,0
BRDA:728,78,1,0
BRDA:758,79,0,0
BRDA:758,80,0,0
BRDA:758,80,1,0
BRDA:772,81,0,0
BRDA:780,82,0,0
BRDA:888,83,0,0
BRDA:988,84,0,0
BRDA:988,84,1,0
BRDA:991,85,0,0
BRDA:991,85,1,0
BRDA:1006,86,0,0
BRDA:1006,86,1,0
BRDA:1006,86,2,0
BRDA:1006,86,3,0
BRDA:1012,87,0,0
BRDA:1012,87,1,0
BRDA:1038,88,0,0
BRDA:1038,88,1,0
BRDA:1041,89,0,0
BRDA:1041,89,1,0
BRDA:1068,90,0,0
BRDA:1068,90,1,0
BRDA:1082,91,0,0
BRDA:1082,91,1,0
BRDA:1085,92,0,0
BRDA:1085,92,1,0
BRDA:1088,93,0,0
BRDA:1088,93,1,0
BRDA:1090,94,0,0
BRDA:1090,94,1,0
BRDA:1092,95,0,0
BRDA:1092,95,1,0
BRDA:1095,96,0,0
BRDA:1095,96,1,0
BRDA:1107,97,0,0
BRDA:1107,97,1,0
BRDA:1107,97,2,0
BRDA:1120,98,0,0
BRDA:1120,98,1,0
BRDA:1132,99,0,0
BRDA:1132,99,1,0
BRDA:1146,100,0,0
BRDA:1146,100,1,0
BRDA:1146,100,2,0
BRDA:1157,101,0,0
BRDA:1157,101,1,0
BRDA:1170,102,0,0
BRDA:1170,102,1,0
BRDA:1175,103,0,0
BRDA:1175,103,1,0
BRF:158
BRH:0
end_of_record
TN:
SF:src\js\components\ExpressionManager.tsx
FN:12,(anonymous_10)
FN:30,(anonymous_11)
FN:40,(anonymous_12)
FN:44,(anonymous_13)
FN:48,(anonymous_14)
FN:52,(anonymous_15)
FN:137,(anonymous_16)
FN:158,(anonymous_17)
FN:168,(anonymous_18)
FN:177,(anonymous_19)
FN:186,(anonymous_20)
FN:198,(anonymous_21)
FNF:12
FNH:0
FNDA:0,(anonymous_10)
FNDA:0,(anonymous_11)
FNDA:0,(anonymous_12)
FNDA:0,(anonymous_13)
FNDA:0,(anonymous_14)
FNDA:0,(anonymous_15)
FNDA:0,(anonymous_16)
FNDA:0,(anonymous_17)
FNDA:0,(anonymous_18)
FNDA:0,(anonymous_19)
FNDA:0,(anonymous_20)
FNDA:0,(anonymous_21)
DA:1,0
DA:2,0
DA:3,0
DA:5,0
DA:6,0
DA:12,0
DA:16,0
DA:17,0
DA:18,0
DA:27,0
DA:29,0
DA:31,0
DA:32,0
DA:34,0
DA:40,0
DA:41,0
DA:44,0
DA:45,0
DA:48,0
DA:49,0
DA:52,0
DA:53,0
DA:54,0
DA:57,0
DA:58,0
DA:68,0
DA:69,0
DA:89,0
DA:137,0
DA:198,0
DA:235,0
LF:31
LH:0
BRDA:13,0,0,0
BRDA:32,1,0,0
BRDA:32,2,0,0
BRDA:32,2,1,0
BRDA:49,3,0,0
BRDA:49,3,1,0
BRDA:57,4,0,0
BRDA:68,5,0,0
BRDA:75,6,0,0
BRDA:75,6,1,0
BRDA:103,7,0,0
BRDA:103,7,1,0
BRDA:113,8,0,0
BRDA:113,8,1,0
BRDA:115,9,0,0
BRDA:115,9,1,0
BRDA:118,10,0,0
BRDA:118,10,1,0
BRDA:132,11,0,0
BRDA:132,11,1,0
BRDA:152,12,0,0
BRDA:152,12,1,0
BRDA:211,13,0,0
BRDA:211,13,1,0
BRDA:215,14,0,0
BRDA:215,14,1,0
BRF:26
BRH:0
end_of_record
TN:
SF:src\js\components\FormattingSettings.tsx
FN:14,(anonymous_9)
FN:22,(anonymous_10)
FN:33,(anonymous_11)
FN:58,(anonymous_12)
FN:77,(anonymous_13)
FN:90,(anonymous_14)
FN:108,(anonymous_15)
FN:119,(anonymous_16)
FN:132,(anonymous_17)
FN:150,(anonymous_18)
FN:163,(anonymous_19)
FN:175,(anonymous_20)
FNF:12
FNH:0
FNDA:0,(anonymous_9)
FNDA:0,(anonymous_10)
FNDA:0,(anonymous_11)
FNDA:0,(anonymous_12)
FNDA:0,(anonymous_13)
FNDA:0,(anonymous_14)
FNDA:0,(anonymous_15)
FNDA:0,(anonymous_16)
FNDA:0,(anonymous_17)
FNDA:0,(anonymous_18)
FNDA:0,(anonymous_19)
FNDA:0,(anonymous_20)
DA:1,0
DA:2,0
DA:6,0
DA:14,0
DA:19,0
DA:21,0
DA:26,0
DA:27,0
DA:28,0
DA:33,0
DA:34,0
DA:35,0
DA:38,0
DA:59,0
DA:78,0
DA:91,0
DA:109,0
DA:120,0
DA:133,0
DA:151,0
DA:164,0
DA:176,0
DA:225,0
LF:23
LH:0
BRDA:42,0,0,0
BRDA:42,0,1,0
BRDA:203,1,0,0
BRDA:203,1,1,0
BRDA:215,2,0,0
BRDA:215,2,1,0
BRF:6
BRH:0
end_of_record
TN:
SF:src\js\components\KeyboardShortcutsModal.tsx
FN:41,(anonymous_1)
FN:44,(anonymous_2)
FN:48,(anonymous_3)
FN:55,(anonymous_4)
FN:77,(anonymous_5)
FN:81,(anonymous_6)
FN:84,(anonymous_7)
FNF:7
FNH:0
FNDA:0,(anonymous_1)
FNDA:0,(anonymous_2)
FNDA:0,(anonymous_3)
FNDA:0,(anonymous_4)
FNDA:0,(anonymous_5)
FNDA:0,(anonymous_6)
FNDA:0,(anonymous_7)
DA:1,0
DA:2,0
DA:3,0
DA:11,0
DA:41,0
DA:42,0
DA:44,0
DA:45,0
DA:48,0
DA:49,0
DA:50,0
DA:54,0
DA:56,0
DA:57,0
DA:59,0
DA:60,0
DA:65,0
DA:78,0
DA:82,0
DA:85,0
DA:112,0
LF:21
LH:0
BRDA:49,0,0,0
BRDA:56,1,0,0
BRDA:86,2,0,0
BRDA:86,2,1,0
BRF:4
BRH:0
end_of_record
TN:
SF:src\js\components\LayerCommentEditor.tsx
FN:19,(anonymous_10)
FN:33,(anonymous_11)
FN:37,(anonymous_12)
FN:62,(anonymous_13)
FN:70,(anonymous_14)
FN:71,(anonymous_15)
FN:78,(anonymous_16)
FN:88,(anonymous_17)
FN:92,(anonymous_18)
FN:93,(anonymous_19)
FN:100,(anonymous_20)
FN:114,(anonymous_21)
FN:116,(anonymous_22)
FN:117,(anonymous_23)
FN:118,(anonymous_24)
FN:128,(anonymous_25)
FN:133,(anonymous_26)
FN:134,(anonymous_27)
FN:135,(anonymous_28)
FN:150,(anonymous_29)
FN:158,(anonymous_30)
FN:176,(anonymous_31)
FN:182,(anonymous_32)
FN:193,(anonymous_33)
FN:212,(anonymous_34)
FN:213,(anonymous_35)
FNF:26
FNH:0
FNDA:0,(anonymous_10)
FNDA:0,(anonymous_11)
FNDA:0,(anonymous_12)
FNDA:0,(anonymous_13)
FNDA:0,(anonymous_14)
FNDA:0,(anonymous_15)
FNDA:0,(anonymous_16)
FNDA:0,(anonymous_17)
FNDA:0,(anonymous_18)
FNDA:0,(anonymous_19)
FNDA:0,(anonymous_20)
FNDA:0,(anonymous_21)
FNDA:0,(anonymous_22)
FNDA:0,(anonymous_23)
FNDA:0,(anonymous_24)
FNDA:0,(anonymous_25)
FNDA:0,(anonymous_26)
FNDA:0,(anonymous_27)
FNDA:0,(anonymous_28)
FNDA:0,(anonymous_29)
FNDA:0,(anonymous_30)
FNDA:0,(anonymous_31)
FNDA:0,(anonymous_32)
FNDA:0,(anonymous_33)
FNDA:0,(anonymous_34)
FNDA:0,(anonymous_35)
DA:1,0
DA:2,0
DA:3,0
DA:5,0
DA:19,0
DA:24,0
DA:26,0
DA:27,0
DA:28,0
DA:33,0
DA:34,0
DA:37,0
DA:38,0
DA:39,0
DA:40,0
DA:41,0
DA:45,0
DA:46,0
DA:48,0
DA:49,0
DA:50,0
DA:58,0
DA:59,0
DA:62,0
DA:63,0
DA:67,0
DA:68,0
DA:69,0
DA:70,0
DA:71,0
DA:72,0
DA:76,0
DA:78,0
DA:79,0
DA:80,0
DA:81,0
DA:87,0
DA:89,0
DA:90,0
DA:91,0
DA:92,0
DA:93,0
DA:94,0
DA:99,0
DA:100,0
DA:101,0
DA:103,0
DA:107,0
DA:113,0
DA:116,0
DA:117,0
DA:118,0
DA:119,0
DA:128,0
DA:129,0
DA:132,0
DA:134,0
DA:135,0
DA:138,0
DA:139,0
DA:140,0
DA:141,0
DA:144,0
DA:148,0
DA:149,0
DA:150,0
DA:152,0
DA:158,0
DA:160,0
DA:161,0
DA:172,0
DA:177,0
DA:182,0
DA:194,0
DA:195,0
DA:212,0
DA:213,0
DA:229,0
LF:78
LH:0
BRDA:38,0,0,0
BRDA:53,1,0,0
BRDA:53,1,1,0
BRDA:62,2,0,0
BRDA:62,3,0,0
BRDA:62,3,1,0
BRDA:72,4,0,0
BRDA:72,4,1,0
BRDA:91,5,0,0
BRDA:94,6,0,0
BRDA:94,6,1,0
BRDA:99,7,0,0
BRDA:101,8,0,0
BRDA:101,8,1,0
BRDA:116,9,0,0
BRDA:116,9,1,0
BRDA:119,10,0,0
BRDA:119,10,1,0
BRDA:138,11,0,0
BRDA:138,11,1,0
BRDA:138,12,0,0
BRDA:138,12,1,0
BRDA:140,13,0,0
BRDA:148,14,0,0
BRDA:160,15,0,0
BRDA:179,16,0,0
BRDA:179,16,1,0
BRDA:180,17,0,0
BRDA:180,17,1,0
BRDA:187,18,0,0
BRDA:187,18,1,0
BRDA:188,19,0,0
BRDA:188,19,1,0
BRDA:206,20,0,0
BRDA:206,20,1,0
BRDA:214,21,0,0
BRDA:214,21,1,0
BRDA:220,22,0,0
BRDA:220,22,1,0
BRF:39
BRH:0
end_of_record
TN:
SF:src\js\components\LayerCommentManager.tsx
FN:11,(anonymous_10)
FN:37,(anonymous_11)
FN:46,(anonymous_12)
FN:51,(anonymous_13)
FNF:4
FNH:0
FNDA:0,(anonymous_10)
FNDA:0,(anonymous_11)
FNDA:0,(anonymous_12)
FNDA:0,(anonymous_13)
DA:1,0
DA:2,0
DA:3,0
DA:4,0
DA:5,0
DA:11,0
DA:24,0
DA:33,0
DA:35,0
DA:37,0
DA:38,0
DA:39,0
DA:40,0
DA:42,0
DA:46,0
DA:47,0
DA:48,0
DA:51,0
DA:52,0
DA:53,0
DA:54,0
DA:56,0
DA:57,0
DA:58,0
DA:59,0
DA:62,0
DA:174,0
LF:27
LH:0
BRDA:12,0,0,0
BRDA:52,1,0,0
BRDA:56,2,0,0
BRDA:57,3,0,0
BRDA:58,4,0,0
BRDA:71,5,0,0
BRDA:71,5,1,0
BRDA:93,6,0,0
BRDA:93,6,1,0
BRDA:93,6,2,0
BRDA:96,7,0,0
BRDA:96,7,1,0
BRDA:103,8,0,0
BRDA:103,8,1,0
BRDA:110,9,0,0
BRDA:110,9,1,0
BRDA:123,10,0,0
BRDA:123,10,1,0
BRDA:123,10,2,0
BRDA:125,11,0,0
BRDA:125,11,1,0
BRDA:133,12,0,0
BRDA:133,12,1,0
BRDA:142,13,0,0
BRDA:142,13,1,0
BRDA:142,13,2,0
BRDA:146,14,0,0
BRDA:146,14,1,0
BRDA:152,15,0,0
BRDA:152,15,1,0
BRDA:152,15,2,0
BRDA:162,16,0,0
BRDA:162,16,1,0
BRDA:162,16,2,0
BRF:34
BRH:0
end_of_record
TN:
SF:src\js\components\LazyComponents.tsx
FN:11,(anonymous_10)
FN:11,(anonymous_11)
FN:12,(anonymous_12)
FN:12,(anonymous_13)
FN:13,(anonymous_14)
FN:13,(anonymous_15)
FN:14,(anonymous_16)
FN:14,(anonymous_17)
FN:23,(anonymous_18)
FN:51,(anonymous_19)
FN:62,(anonymous_20)
FN:71,(anonymous_21)
FN:80,(anonymous_22)
FN:89,(anonymous_23)
FN:91,(anonymous_24)
FN:91,(anonymous_25)
FN:94,(anonymous_26)
FN:94,(anonymous_27)
FN:97,(anonymous_28)
FN:98,(anonymous_29)
FN:99,(anonymous_30)
FNF:21
FNH:0
FNDA:0,(anonymous_10)
FNDA:0,(anonymous_11)
FNDA:0,(anonymous_12)
FNDA:0,(anonymous_13)
FNDA:0,(anonymous_14)
FNDA:0,(anonymous_15)
FNDA:0,(anonymous_16)
FNDA:0,(anonymous_17)
FNDA:0,(anonymous_18)
FNDA:0,(anonymous_19)
FNDA:0,(anonymous_20)
FNDA:0,(anonymous_21)
FNDA:0,(anonymous_22)
FNDA:0,(anonymous_23)
FNDA:0,(anonymous_24)
FNDA:0,(anonymous_25)
FNDA:0,(anonymous_26)
FNDA:0,(anonymous_27)
FNDA:0,(anonymous_28)
FNDA:0,(anonymous_29)
FNDA:0,(anonymous_30)
DA:6,2
DA:7,2
DA:8,2
DA:11,2
DA:12,2
DA:13,2
DA:14,2
DA:23,2
DA:28,0
DA:51,2
DA:52,0
DA:62,2
DA:63,0
DA:71,2
DA:72,0
DA:80,2
DA:81,0
DA:89,2
DA:91,0
DA:94,0
DA:97,0
DA:98,0
DA:99,0
DA:102,0
LF:24
LH:13
BRDA:25,0,0,0
BRDA:26,1,0,0
BRF:2
BRH:0
end_of_record
TN:
SF:src\js\components\LintingSettings.tsx
FN:17,(anonymous_9)
FN:27,(anonymous_10)
FN:36,(anonymous_11)
FN:42,(anonymous_12)
FN:47,(anonymous_13)
FN:54,(anonymous_14)
FN:65,(anonymous_15)
FN:78,(anonymous_16)
FN:93,(anonymous_17)
FN:131,(anonymous_18)
FN:144,(anonymous_19)
FN:155,(anonymous_20)
FN:168,(anonymous_21)
FN:181,(anonymous_22)
FN:194,(anonymous_23)
FN:201,(anonymous_24)
FN:235,(anonymous_25)
FN:241,(anonymous_26)
FN:250,(anonymous_27)
FN:257,(anonymous_28)
FN:265,(anonymous_29)
FN:277,(anonymous_30)
FN:278,(anonymous_31)
FN:285,(anonymous_32)
FN:286,(anonymous_33)
FN:293,(anonymous_34)
FN:294,(anonymous_35)
FN:305,(anonymous_36)
FN:306,(anonymous_37)
FNF:29
FNH:0
FNDA:0,(anonymous_9)
FNDA:0,(anonymous_10)
FNDA:0,(anonymous_11)
FNDA:0,(anonymous_12)
FNDA:0,(anonymous_13)
FNDA:0,(anonymous_14)
FNDA:0,(anonymous_15)
FNDA:0,(anonymous_16)
FNDA:0,(anonymous_17)
FNDA:0,(anonymous_18)
FNDA:0,(anonymous_19)
FNDA:0,(anonymous_20)
FNDA:0,(anonymous_21)
FNDA:0,(anonymous_22)
FNDA:0,(anonymous_23)
FNDA:0,(anonymous_24)
FNDA:0,(anonymous_25)
FNDA:0,(anonymous_26)
FNDA:0,(anonymous_27)
FNDA:0,(anonymous_28)
FNDA:0,(anonymous_29)
FNDA:0,(anonymous_30)
FNDA:0,(anonymous_31)
FNDA:0,(anonymous_32)
FNDA:0,(anonymous_33)
FNDA:0,(anonymous_34)
FNDA:0,(anonymous_35)
FNDA:0,(anonymous_36)
FNDA:0,(anonymous_37)
DA:1,0
DA:2,0
DA:7,0
DA:17,0
DA:24,0
DA:26,0
DA:28,0
DA:29,0
DA:30,0
DA:35,0
DA:37,0
DA:42,0
DA:43,0
DA:44,0
DA:47,0
DA:48,0
DA:49,0
DA:53,0
DA:55,0
DA:56,0
DA:57,0
DA:59,0
DA:60,0
DA:65,0
DA:66,0
DA:68,0
DA:70,0
DA:72,0
DA:74,0
DA:78,0
DA:79,0
DA:81,0
DA:83,0
DA:85,0
DA:87,0
DA:89,0
DA:93,0
DA:94,0
DA:96,0
DA:98,0
DA:100,0
DA:102,0
DA:104,0
DA:108,0
DA:132,0
DA:145,0
DA:156,0
DA:169,0
DA:182,0
DA:195,0
DA:202,0
DA:235,0
DA:241,0
DA:250,0
DA:257,0
DA:265,0
DA:278,0
DA:286,0
DA:294,0
DA:295,0
DA:296,0
DA:306,0
DA:307,0
DA:308,0
DA:333,0
LF:65
LH:0
BRDA:48,0,0,0
BRDA:48,0,1,0
BRDA:56,1,0,0
BRDA:66,2,0,0
BRDA:66,2,1,0
BRDA:66,2,2,0
BRDA:66,2,3,0
BRDA:79,3,0,0
BRDA:79,3,1,0
BRDA:79,3,2,0
BRDA:79,3,3,0
BRDA:79,3,4,0
BRDA:94,4,0,0
BRDA:94,4,1,0
BRDA:94,4,2,0
BRDA:94,4,3,0
BRDA:94,4,4,0
BRDA:112,5,0,0
BRDA:112,5,1,0
BRDA:250,6,0,0
BRDA:250,6,1,0
BRDA:257,7,0,0
BRDA:257,7,1,0
BRDA:265,8,0,0
BRDA:265,8,1,0
BRDA:295,9,0,0
BRDA:307,10,0,0
BRDA:323,11,0,0
BRDA:323,11,1,0
BRF:29
BRH:0
end_of_record
TN:
SF:src\js\components\LoadingIndicator.tsx
FN:9,(anonymous_1)
FNF:1
FNH:1
FNDA:12,(anonymous_1)
DA:1,3
DA:2,3
DA:9,3
DA:14,12
DA:29,12
DA:30,9
DA:37,3
DA:40,3
LF:8
LH:8
BRDA:10,0,0,9
BRDA:11,1,0,9
BRDA:29,2,0,9
BRF:3
BRH:3
end_of_record
TN:
SF:src\js\components\MainLayout.tsx
FN:11,(anonymous_1)
FNF:1
FNH:1
FNDA:28,(anonymous_1)
DA:1,2
DA:2,2
DA:3,2
DA:4,2
DA:9,2
DA:11,2
DA:12,28
DA:13,28
DA:15,28
DA:31,2
LF:10
LH:10
BRDA:17,0,0,28
BRDA:17,0,1,0
BRDA:22,1,0,28
BRDA:22,1,1,0
BRDA:25,2,0,28
BRDA:25,2,1,0
BRDA:26,3,0,28
BRDA:26,3,1,0
BRF:8
BRH:4
end_of_record
TN:
SF:src\js\components\MonacoEditor.tsx
FN:6,(anonymous_10)
FN:15,(anonymous_11)
FN:21,(anonymous_12)
FN:44,(anonymous_13)
FN:51,(anonymous_14)
FN:55,(anonymous_15)
FN:75,(anonymous_16)
FNF:7
FNH:4
FNDA:31,(anonymous_10)
FNDA:19,(anonymous_11)
FNDA:0,(anonymous_12)
FNDA:3,(anonymous_13)
FNDA:0,(anonymous_14)
FNDA:0,(anonymous_15)
FNDA:27,(anonymous_16)
DA:1,2
DA:2,2
DA:3,2
DA:6,2
DA:13,31
DA:15,31
DA:18,19
DA:21,19
DA:22,0
DA:26,19
DA:44,31
DA:45,3
DA:46,3
DA:51,31
DA:52,0
DA:53,0
DA:54,0
DA:55,0
DA:69,0
DA:75,31
DA:76,27
DA:77,0
DA:81,31
DA:102,2
LF:24
LH:17
BRDA:28,0,0,19
BRDA:28,0,1,0
BRDA:45,1,0,3
BRDA:52,2,0,0
BRDA:54,3,0,0
BRDA:62,4,0,0
BRDA:62,4,1,0
BRDA:64,5,0,0
BRDA:64,5,1,0
BRDA:76,6,0,0
BRF:10
BRH:2
end_of_record
TN:
SF:src\js\components\NoteEditor.tsx
FN:14,(anonymous_10)
FN:42,(anonymous_11)
FN:62,(anonymous_12)
FN:70,(anonymous_13)
FN:77,(anonymous_14)
FN:83,(anonymous_15)
FN:90,(anonymous_16)
FN:108,(anonymous_17)
FN:109,(anonymous_18)
FN:115,(anonymous_19)
FN:131,(anonymous_20)
FN:143,(anonymous_21)
FN:145,(anonymous_22)
FN:209,(anonymous_23)
FN:222,(anonymous_24)
FN:228,(anonymous_25)
FN:234,(anonymous_26)
FN:253,(anonymous_27)
FN:259,(anonymous_28)
FNF:19
FNH:0
FNDA:0,(anonymous_10)
FNDA:0,(anonymous_11)
FNDA:0,(anonymous_12)
FNDA:0,(anonymous_13)
FNDA:0,(anonymous_14)
FNDA:0,(anonymous_15)
FNDA:0,(anonymous_16)
FNDA:0,(anonymous_17)
FNDA:0,(anonymous_18)
FNDA:0,(anonymous_19)
FNDA:0,(anonymous_20)
FNDA:0,(anonymous_21)
FNDA:0,(anonymous_22)
FNDA:0,(anonymous_23)
FNDA:0,(anonymous_24)
FNDA:0,(anonymous_25)
FNDA:0,(anonymous_26)
FNDA:0,(anonymous_27)
FNDA:0,(anonymous_28)
DA:1,0
DA:2,0
DA:4,0
DA:14,0
DA:21,0
DA:22,0
DA:23,0
DA:24,0
DA:25,0
DA:26,0
DA:27,0
DA:30,0
DA:42,0
DA:43,0
DA:44,0
DA:45,0
DA:46,0
DA:47,0
DA:48,0
DA:49,0
DA:52,0
DA:53,0
DA:54,0
DA:55,0
DA:56,0
DA:57,0
DA:61,0
DA:63,0
DA:64,0
DA:69,0
DA:71,0
DA:72,0
DA:77,0
DA:78,0
DA:79,0
DA:82,0
DA:84,0
DA:89,0
DA:91,0
DA:92,0
DA:93,0
DA:94,0
DA:95,0
DA:96,0
DA:97,0
DA:99,0
DA:100,0
DA:101,0
DA:107,0
DA:109,0
DA:110,0
DA:115,0
DA:116,0
DA:118,0
DA:127,0
DA:128,0
DA:131,0
DA:132,0
DA:134,0
DA:135,0
DA:136,0
DA:137,0
DA:138,0
DA:139,0
DA:143,0
DA:144,0
DA:145,0
DA:146,0
DA:149,0
DA:150,0
DA:159,0
DA:210,0
DA:222,0
DA:229,0
DA:234,0
DA:254,0
DA:259,0
DA:310,0
LF:78
LH:0
BRDA:19,0,0,0
BRDA:43,1,0,0
BRDA:43,1,1,0
BRDA:47,2,0,0
BRDA:47,2,1,0
BRDA:71,3,0,0
BRDA:71,3,1,0
BRDA:91,4,0,0
BRDA:91,4,1,0
BRDA:91,5,0,0
BRDA:91,5,1,0
BRDA:94,6,0,0
BRDA:94,7,0,0
BRDA:94,7,1,0
BRDA:99,8,0,0
BRDA:99,9,0,0
BRDA:99,9,1,0
BRDA:99,9,2,0
BRDA:116,10,0,0
BRDA:120,11,0,0
BRDA:120,11,1,0
BRDA:132,12,0,0
BRDA:137,13,0,0
BRDA:137,13,1,0
BRDA:144,14,0,0
BRDA:146,15,0,0
BRDA:146,15,1,0
BRDA:149,16,0,0
BRDA:182,17,0,0
BRDA:182,17,1,0
BRDA:182,17,2,0
BRDA:204,18,0,0
BRDA:204,18,1,0
BRDA:221,19,0,0
BRDA:221,19,1,0
BRDA:232,20,0,0
BRDA:232,20,1,0
BRDA:256,21,0,0
BRDA:256,21,1,0
BRDA:267,22,0,0
BRDA:267,22,1,0
BRDA:299,23,0,0
BRDA:299,23,1,0
BRDA:302,24,0,0
BRDA:302,24,1,0
BRDA:303,25,0,0
BRDA:303,25,1,0
BRF:47
BRH:0
end_of_record
TN:
SF:src\js\components\NotesList.tsx
FN:18,(anonymous_9)
FN:34,(anonymous_10)
FN:43,(anonymous_11)
FN:49,(anonymous_12)
FN:56,(anonymous_13)
FN:61,(anonymous_14)
FN:82,(anonymous_15)
FN:84,(anonymous_16)
FN:88,(anonymous_17)
FN:90,(anonymous_18)
FN:94,(anonymous_19)
FN:108,(anonymous_20)
FN:146,(anonymous_21)
FN:151,(anonymous_22)
FN:184,(anonymous_23)
FN:190,(anonymous_24)
FN:203,(anonymous_25)
FN:213,(anonymous_26)
FN:223,(anonymous_27)
FN:259,(anonymous_28)
FNF:20
FNH:0
FNDA:0,(anonymous_9)
FNDA:0,(anonymous_10)
FNDA:0,(anonymous_11)
FNDA:0,(anonymous_12)
FNDA:0,(anonymous_13)
FNDA:0,(anonymous_14)
FNDA:0,(anonymous_15)
FNDA:0,(anonymous_16)
FNDA:0,(anonymous_17)
FNDA:0,(anonymous_18)
FNDA:0,(anonymous_19)
FNDA:0,(anonymous_20)
FNDA:0,(anonymous_21)
FNDA:0,(anonymous_22)
FNDA:0,(anonymous_23)
FNDA:0,(anonymous_24)
FNDA:0,(anonymous_25)
FNDA:0,(anonymous_26)
FNDA:0,(anonymous_27)
FNDA:0,(anonymous_28)
DA:1,0
DA:3,0
DA:18,0
DA:30,0
DA:31,0
DA:33,0
DA:35,0
DA:36,0
DA:37,0
DA:42,0
DA:44,0
DA:49,0
DA:50,0
DA:56,0
DA:57,0
DA:58,0
DA:61,0
DA:62,0
DA:63,0
DA:64,0
DA:66,0
DA:67,0
DA:68,0
DA:69,0
DA:70,0
DA:72,0
DA:73,0
DA:74,0
DA:75,0
DA:76,0
DA:78,0
DA:82,0
DA:83,0
DA:84,0
DA:85,0
DA:88,0
DA:89,0
DA:90,0
DA:91,0
DA:94,0
DA:95,0
DA:96,0
DA:99,0
DA:108,0
DA:147,0
DA:152,0
DA:185,0
DA:190,0
DA:204,0
DA:205,0
DA:214,0
DA:215,0
DA:224,0
DA:225,0
DA:230,0
DA:260,0
DA:281,0
LF:57
LH:0
BRDA:30,0,0,0
BRDA:30,0,1,0
BRDA:37,1,0,0
BRDA:37,1,1,0
BRDA:66,2,0,0
BRDA:66,2,1,0
BRDA:68,3,0,0
BRDA:70,4,0,0
BRDA:70,4,1,0
BRDA:73,5,0,0
BRDA:73,5,1,0
BRDA:75,6,0,0
BRDA:75,6,1,0
BRDA:83,7,0,0
BRDA:85,8,0,0
BRDA:85,8,1,0
BRDA:89,9,0,0
BRDA:91,10,0,0
BRDA:91,10,1,0
BRDA:94,11,0,0
BRDA:95,12,0,0
BRDA:132,13,0,0
BRDA:132,13,1,0
BRDA:132,13,2,0
BRDA:132,13,3,0
BRDA:140,14,0,0
BRDA:140,14,1,0
BRDA:145,15,0,0
BRDA:145,15,1,0
BRDA:147,16,0,0
BRDA:147,16,1,0
BRDA:163,17,0,0
BRDA:163,17,1,0
BRDA:175,18,0,0
BRDA:175,18,1,0
BRDA:188,19,0,0
BRDA:188,19,1,0
BRDA:189,20,0,0
BRDA:189,20,1,0
BRDA:193,21,0,0
BRDA:193,21,1,0
BRDA:202,22,0,0
BRDA:202,22,1,0
BRDA:207,23,0,0
BRDA:207,23,1,0
BRDA:225,24,0,0
BRDA:257,25,0,0
BRDA:257,25,1,0
BRDA:257,25,2,0
BRDA:264,26,0,0
BRDA:264,26,1,0
BRF:51
BRH:0
end_of_record
TN:
SF:src\js\components\NotesManager.tsx
FN:12,(anonymous_10)
FN:37,(anonymous_11)
FN:46,(anonymous_12)
FN:53,(anonymous_13)
FN:60,(anonymous_14)
FN:67,(anonymous_15)
FN:74,(anonymous_16)
FN:80,(anonymous_17)
FN:84,(anonymous_18)
FN:101,(anonymous_19)
FN:116,(anonymous_20)
FN:121,(anonymous_21)
FN:168,(anonymous_22)
FN:190,(anonymous_23)
FN:226,(anonymous_24)
FNF:15
FNH:0
FNDA:0,(anonymous_10)
FNDA:0,(anonymous_11)
FNDA:0,(anonymous_12)
FNDA:0,(anonymous_13)
FNDA:0,(anonymous_14)
FNDA:0,(anonymous_15)
FNDA:0,(anonymous_16)
FNDA:0,(anonymous_17)
FNDA:0,(anonymous_18)
FNDA:0,(anonymous_19)
FNDA:0,(anonymous_20)
FNDA:0,(anonymous_21)
FNDA:0,(anonymous_22)
FNDA:0,(anonymous_23)
FNDA:0,(anonymous_24)
DA:1,0
DA:2,0
DA:3,0
DA:4,0
DA:6,0
DA:12,0
DA:32,0
DA:34,0
DA:35,0
DA:37,0
DA:38,0
DA:42,0
DA:45,0
DA:47,0
DA:52,0
DA:54,0
DA:59,0
DA:61,0
DA:66,0
DA:68,0
DA:73,0
DA:75,0
DA:80,0
DA:81,0
DA:84,0
DA:85,0
DA:86,0
DA:87,0
DA:88,0
DA:89,0
DA:90,0
DA:91,0
DA:92,0
DA:93,0
DA:94,0
DA:95,0
DA:97,0
DA:101,0
DA:102,0
DA:103,0
DA:104,0
DA:107,0
DA:108,0
DA:109,0
DA:110,0
DA:111,0
DA:115,0
DA:117,0
DA:118,0
DA:120,0
DA:121,0
DA:122,0
DA:123,0
DA:124,0
DA:125,0
DA:126,0
DA:130,0
DA:135,0
DA:136,0
DA:146,0
DA:168,0
DA:190,0
DA:226,0
DA:284,0
LF:64
LH:0
BRDA:12,0,0,0
BRDA:102,1,0,0
BRDA:108,2,0,0
BRDA:118,3,0,0
BRDA:123,4,0,0
BRDA:125,5,0,0
BRDA:135,6,0,0
BRDA:184,7,0,0
BRDA:184,7,1,0
BRDA:245,8,0,0
BRDA:245,8,1,0
BRF:11
BRH:0
end_of_record
TN:
SF:src\js\components\OptimizedComponents.tsx
FN:21,(anonymous_9)
FN:30,(anonymous_10)
FN:42,(anonymous_11)
FN:43,(anonymous_12)
FN:50,(anonymous_13)
FN:51,(anonymous_14)
FN:62,(anonymous_15)
FN:63,(anonymous_16)
FN:86,(anonymous_17)
FN:92,(anonymous_18)
FN:104,(anonymous_19)
FN:128,VirtualizedList
FN:138,(anonymous_21)
FN:151,(anonymous_22)
FN:155,(anonymous_23)
FN:170,(anonymous_24)
FN:180,(anonymous_25)
FN:184,(anonymous_26)
FN:195,(anonymous_27)
FN:267,(anonymous_28)
FN:280,(anonymous_29)
FN:282,(anonymous_30)
FN:295,(anonymous_31)
FN:306,(anonymous_32)
FNF:24
FNH:0
FNDA:0,(anonymous_9)
FNDA:0,(anonymous_10)
FNDA:0,(anonymous_11)
FNDA:0,(anonymous_12)
FNDA:0,(anonymous_13)
FNDA:0,(anonymous_14)
FNDA:0,(anonymous_15)
FNDA:0,(anonymous_16)
FNDA:0,(anonymous_17)
FNDA:0,(anonymous_18)
FNDA:0,(anonymous_19)
FNDA:0,VirtualizedList
FNDA:0,(anonymous_21)
FNDA:0,(anonymous_22)
FNDA:0,(anonymous_23)
FNDA:0,(anonymous_24)
FNDA:0,(anonymous_25)
FNDA:0,(anonymous_26)
FNDA:0,(anonymous_27)
FNDA:0,(anonymous_28)
FNDA:0,(anonymous_29)
FNDA:0,(anonymous_30)
FNDA:0,(anonymous_31)
FNDA:0,(anonymous_32)
DA:6,0
DA:7,0
DA:8,0
DA:9,0
DA:20,0
DA:23,0
DA:26,0
DA:29,0
DA:30,0
DA:41,0
DA:43,0
DA:44,0
DA:50,0
DA:51,0
DA:52,0
DA:56,0
DA:62,0
DA:64,0
DA:65,0
DA:66,0
DA:77,0
DA:85,0
DA:88,0
DA:91,0
DA:92,0
DA:102,0
DA:105,0
DA:117,0
DA:128,0
DA:135,0
DA:138,0
DA:139,0
DA:143,0
DA:147,0
DA:151,0
DA:152,0
DA:155,0
DA:156,0
DA:159,0
DA:160,0
DA:162,0
DA:171,0
DA:180,0
DA:181,0
DA:182,0
DA:184,0
DA:185,0
DA:188,0
DA:189,0
DA:192,0
DA:195,0
DA:254,0
DA:266,0
DA:275,0
DA:276,0
DA:277,0
DA:280,0
DA:281,0
DA:283,0
DA:284,0
DA:285,0
DA:291,0
DA:292,0
DA:295,0
DA:298,0
DA:306,0
DA:316,0
LF:67
LH:0
BRDA:35,0,0,0
BRDA:35,0,1,0
BRDA:64,1,0,0
BRDA:64,2,0,0
BRDA:64,2,1,0
BRDA:64,2,2,0
BRDA:133,3,0,0
BRDA:188,4,0,0
BRDA:204,5,0,0
BRDA:204,5,1,0
BRDA:210,6,0,0
BRDA:210,6,1,0
BRDA:213,7,0,0
BRDA:213,7,1,0
BRDA:231,8,0,0
BRDA:231,8,1,0
BRDA:272,9,0,0
BRDA:283,10,0,0
BRDA:291,11,0,0
BRDA:301,12,0,0
BRDA:301,12,1,0
BRDA:308,13,0,0
BRDA:308,13,1,0
BRF:23
BRH:0
end_of_record
TN:
SF:src\js\components\PropertySelector.tsx
FN:17,(anonymous_9)
FN:36,(anonymous_10)
FN:40,(anonymous_11)
FN:56,(anonymous_12)
FN:61,(anonymous_13)
FN:97,(anonymous_14)
FN:101,(anonymous_15)
FN:112,(anonymous_16)
FN:113,(anonymous_17)
FN:128,(anonymous_18)
FN:153,(anonymous_19)
FN:157,(anonymous_20)
FN:189,(anonymous_21)
FN:233,(anonymous_22)
FN:237,(anonymous_23)
FN:256,(anonymous_24)
FN:264,(anonymous_25)
FN:297,(anonymous_26)
FNF:18
FNH:0
FNDA:0,(anonymous_9)
FNDA:0,(anonymous_10)
FNDA:0,(anonymous_11)
FNDA:0,(anonymous_12)
FNDA:0,(anonymous_13)
FNDA:0,(anonymous_14)
FNDA:0,(anonymous_15)
FNDA:0,(anonymous_16)
FNDA:0,(anonymous_17)
FNDA:0,(anonymous_18)
FNDA:0,(anonymous_19)
FNDA:0,(anonymous_20)
FNDA:0,(anonymous_21)
FNDA:0,(anonymous_22)
FNDA:0,(anonymous_23)
FNDA:0,(anonymous_24)
FNDA:0,(anonymous_25)
FNDA:0,(anonymous_26)
DA:1,0
DA:2,0
DA:8,0
DA:9,0
DA:17,0
DA:22,0
DA:23,0
DA:25,0
DA:26,0
DA:27,0
DA:30,0
DA:33,0
DA:36,0
DA:37,0
DA:40,0
DA:41,0
DA:42,0
DA:43,0
DA:46,0
DA:47,0
DA:48,0
DA:51,0
DA:55,0
DA:57,0
DA:58,0
DA:61,0
DA:63,0
DA:66,0
DA:97,0
DA:99,0
DA:101,0
DA:102,0
DA:103,0
DA:104,0
DA:111,0
DA:113,0
DA:114,0
DA:115,0
DA:116,0
DA:118,0
DA:119,0
DA:121,0
DA:127,0
DA:129,0
DA:131,0
DA:135,0
DA:145,0
DA:147,0
DA:153,0
DA:154,0
DA:157,0
DA:158,0
DA:161,0
DA:163,0
DA:165,0
DA:167,0
DA:169,0
DA:173,0
DA:189,0
DA:234,0
DA:237,0
DA:257,0
DA:264,0
DA:297,0
DA:307,0
LF:65
LH:0
BRDA:46,0,0,0
BRDA:57,1,0,0
BRDA:57,2,0,0
BRDA:57,2,1,0
BRDA:115,3,0,0
BRDA:115,3,1,0
BRDA:131,4,0,0
BRDA:131,4,1,0
BRDA:158,5,0,0
BRDA:158,5,1,0
BRDA:158,5,2,0
BRDA:158,5,3,0
BRDA:158,5,4,0
BRDA:158,5,5,0
BRDA:177,6,0,0
BRDA:177,6,1,0
BRDA:198,7,0,0
BRDA:198,7,1,0
BRDA:202,8,0,0
BRDA:202,8,1,0
BRDA:212,9,0,0
BRDA:212,9,1,0
BRDA:220,10,0,0
BRDA:220,10,1,0
BRDA:225,11,0,0
BRDA:225,11,1,0
BRDA:240,12,0,0
BRDA:240,12,1,0
BRDA:248,13,0,0
BRDA:248,13,1,0
BRDA:250,14,0,0
BRDA:250,14,1,0
BRDA:260,15,0,0
BRDA:260,15,1,0
BRDA:271,16,0,0
BRDA:271,16,1,0
BRDA:293,17,0,0
BRDA:293,17,1,0
BRF:38
BRH:0
end_of_record
TN:
SF:src\js\components\SettingsPanel.tsx
FN:14,(anonymous_9)
FN:29,(anonymous_10)
FN:33,(anonymous_11)
FN:39,(anonymous_12)
FN:43,(anonymous_13)
FN:46,(anonymous_14)
FN:58,(anonymous_15)
FN:68,(anonymous_16)
FN:78,(anonymous_17)
FN:86,(anonymous_18)
FN:102,(anonymous_19)
FN:113,(anonymous_20)
FN:124,(anonymous_21)
FN:135,(anonymous_22)
FN:146,(anonymous_23)
FN:157,(anonymous_24)
FN:168,(anonymous_25)
FN:178,(anonymous_26)
FN:187,(anonymous_27)
FN:198,(anonymous_28)
FN:216,(anonymous_29)
FN:234,(anonymous_30)
FN:249,(anonymous_31)
FN:258,(anonymous_32)
FN:271,(anonymous_33)
FN:286,(anonymous_34)
FN:296,(anonymous_35)
FN:309,(anonymous_36)
FN:320,(anonymous_37)
FN:331,(anonymous_38)
FN:344,(anonymous_39)
FN:355,(anonymous_40)
FN:365,(anonymous_41)
FN:380,(anonymous_42)
FN:405,(anonymous_43)
FN:442,(anonymous_44)
FN:446,(anonymous_45)
FNF:37
FNH:0
FNDA:0,(anonymous_9)
FNDA:0,(anonymous_10)
FNDA:0,(anonymous_11)
FNDA:0,(anonymous_12)
FNDA:0,(anonymous_13)
FNDA:0,(anonymous_14)
FNDA:0,(anonymous_15)
FNDA:0,(anonymous_16)
FNDA:0,(anonymous_17)
FNDA:0,(anonymous_18)
FNDA:0,(anonymous_19)
FNDA:0,(anonymous_20)
FNDA:0,(anonymous_21)
FNDA:0,(anonymous_22)
FNDA:0,(anonymous_23)
FNDA:0,(anonymous_24)
FNDA:0,(anonymous_25)
FNDA:0,(anonymous_26)
FNDA:0,(anonymous_27)
FNDA:0,(anonymous_28)
FNDA:0,(anonymous_29)
FNDA:0,(anonymous_30)
FNDA:0,(anonymous_31)
FNDA:0,(anonymous_32)
FNDA:0,(anonymous_33)
FNDA:0,(anonymous_34)
FNDA:0,(anonymous_35)
FNDA:0,(anonymous_36)
FNDA:0,(anonymous_37)
FNDA:0,(anonymous_38)
FNDA:0,(anonymous_39)
FNDA:0,(anonymous_40)
FNDA:0,(anonymous_41)
FNDA:0,(anonymous_42)
FNDA:0,(anonymous_43)
FNDA:0,(anonymous_44)
FNDA:0,(anonymous_45)
DA:1,0
DA:2,0
DA:3,0
DA:4,0
DA:14,0
DA:24,0
DA:25,0
DA:26,0
DA:27,0
DA:29,0
DA:30,0
DA:33,0
DA:34,0
DA:35,0
DA:39,0
DA:40,0
DA:41,0
DA:44,0
DA:48,0
DA:49,0
DA:50,0
DA:51,0
DA:52,0
DA:53,0
DA:54,0
DA:58,0
DA:59,0
DA:60,0
DA:61,0
DA:62,0
DA:64,0
DA:68,0
DA:69,0
DA:74,0
DA:78,0
DA:79,0
DA:87,0
DA:103,0
DA:113,0
DA:125,0
DA:135,0
DA:146,0
DA:157,0
DA:169,0
DA:178,0
DA:179,0
DA:187,0
DA:199,0
DA:217,0
DA:235,0
DA:249,0
DA:250,0
DA:259,0
DA:272,0
DA:287,0
DA:297,0
DA:309,0
DA:310,0
DA:321,0
DA:332,0
DA:344,0
DA:356,0
DA:365,0
DA:366,0
DA:380,0
DA:405,0
DA:406,0
DA:408,0
DA:410,0
DA:412,0
DA:414,0
DA:416,0
DA:418,0
DA:422,0
DA:430,0
DA:443,0
DA:446,0
DA:461,0
LF:78
LH:0
BRDA:34,0,0,0
BRDA:69,1,0,0
BRDA:406,2,0,0
BRDA:406,2,1,0
BRDA:406,2,2,0
BRDA:406,2,3,0
BRDA:406,2,4,0
BRDA:406,2,5,0
BRDA:445,3,0,0
BRDA:445,3,1,0
BRF:10
BRH:0
end_of_record
TN:
SF:src\js\components\SimpleEditorLayout.tsx
FN:16,(anonymous_10)
FN:24,(anonymous_11)
FN:28,(anonymous_12)
FN:54,(anonymous_13)
FN:67,(anonymous_14)
FN:82,(anonymous_15)
FN:133,(anonymous_16)
FN:135,(anonymous_17)
FN:139,(anonymous_18)
FN:153,(anonymous_19)
FN:159,(anonymous_20)
FN:196,(anonymous_21)
FNF:12
FNH:9
FNDA:34,(anonymous_10)
FNDA:3,(anonymous_11)
FNDA:0,(anonymous_12)
FNDA:68,(anonymous_13)
FNDA:27,(anonymous_14)
FNDA:4,(anonymous_15)
FNDA:27,(anonymous_16)
FNDA:27,(anonymous_17)
FNDA:27,(anonymous_18)
FNDA:102,(anonymous_19)
FNDA:0,(anonymous_20)
FNDA:0,(anonymous_21)
DA:1,2
DA:2,2
DA:3,2
DA:4,2
DA:14,2
DA:16,2
DA:18,34
DA:19,34
DA:20,34
DA:24,34
DA:25,3
DA:28,34
DA:30,0
DA:33,34
DA:54,34
DA:55,68
DA:57,68
DA:59,0
DA:61,0
DA:63,0
DA:67,34
DA:68,27
DA:70,27
DA:72,0
DA:74,0
DA:76,0
DA:81,34
DA:84,4
DA:85,0
DA:87,0
DA:88,0
DA:89,0
DA:91,0
DA:92,0
DA:93,0
DA:95,0
DA:96,0
DA:97,0
DA:102,4
DA:103,0
DA:104,0
DA:108,4
DA:113,0
DA:114,0
DA:115,0
DA:118,4
DA:124,0
DA:125,0
DA:126,0
DA:133,34
DA:134,27
DA:135,27
DA:139,34
DA:140,27
DA:143,34
DA:154,102
DA:159,0
DA:196,0
DA:245,2
LF:59
LH:32
BRDA:55,0,0,68
BRDA:55,0,1,0
BRDA:55,0,2,0
BRDA:55,0,3,0
BRDA:68,1,0,27
BRDA:68,1,1,0
BRDA:68,1,2,0
BRDA:68,1,3,0
BRDA:84,2,0,0
BRDA:84,3,0,4
BRDA:84,3,1,4
BRDA:84,3,2,0
BRDA:85,4,0,0
BRDA:85,4,1,0
BRDA:85,4,2,0
BRDA:102,5,0,0
BRDA:102,6,0,4
BRDA:102,6,1,4
BRDA:102,6,2,0
BRDA:108,7,0,0
BRDA:109,8,0,4
BRDA:109,8,1,4
BRDA:109,8,2,0
BRDA:109,8,3,0
BRDA:113,9,0,0
BRDA:118,10,0,0
BRDA:119,11,0,4
BRDA:119,11,1,4
BRDA:119,11,2,0
BRDA:119,11,3,0
BRDA:119,11,4,4
BRDA:119,11,5,4
BRDA:119,11,6,0
BRDA:124,12,0,0
BRDA:157,13,0,34
BRDA:157,13,1,68
BRDA:232,14,0,34
BRDA:232,14,1,1
BRF:38
BRH:16
end_of_record
TN:
SF:src\js\contexts\AppContext.tsx
FN:91,appReducer
FN:277,(anonymous_10)
FN:281,(anonymous_11)
FN:286,(anonymous_12)
FN:292,(anonymous_13)
FN:296,(anonymous_14)
FN:300,(anonymous_15)
FN:304,(anonymous_16)
FN:308,(anonymous_17)
FN:312,(anonymous_18)
FN:316,(anonymous_19)
FN:320,(anonymous_20)
FN:324,(anonymous_21)
FN:328,(anonymous_22)
FN:332,(anonymous_23)
FN:336,(anonymous_24)
FN:370,(anonymous_25)
FN:379,(anonymous_26)
FN:384,(anonymous_27)
FN:389,(anonymous_28)
FN:394,(anonymous_29)
FN:399,(anonymous_30)
FNF:22
FNH:19
FNDA:26,appReducer
FNDA:107,(anonymous_10)
FNDA:3,(anonymous_11)
FNDA:1,(anonymous_12)
FNDA:2,(anonymous_13)
FNDA:2,(anonymous_14)
FNDA:3,(anonymous_15)
FNDA:2,(anonymous_16)
FNDA:1,(anonymous_17)
FNDA:3,(anonymous_18)
FNDA:2,(anonymous_19)
FNDA:1,(anonymous_20)
FNDA:1,(anonymous_21)
FNDA:1,(anonymous_22)
FNDA:1,(anonymous_23)
FNDA:3,(anonymous_24)
FNDA:192,(anonymous_25)
FNDA:34,(anonymous_26)
FNDA:0,(anonymous_27)
FNDA:0,(anonymous_28)
FNDA:28,(anonymous_29)
FNDA:0,(anonymous_30)
DA:1,6
DA:68,6
DA:80,6
DA:92,26
DA:94,3
DA:104,1
DA:111,2
DA:118,2
DA:127,3
DA:136,2
DA:145,1
DA:157,3
DA:166,2
DA:167,2
DA:168,2
DA:177,1
DA:183,1
DA:190,3
DA:202,1
DA:203,0
DA:206,1
DA:207,1
DA:212,1
DA:222,1
DA:223,0
DA:226,1
DA:227,1
DA:229,1
DA:239,0
DA:242,0
DA:270,6
DA:277,6
DA:278,107
DA:281,107
DA:282,3
DA:285,107
DA:287,1
DA:292,107
DA:293,2
DA:296,107
DA:297,2
DA:300,107
DA:301,3
DA:304,107
DA:305,2
DA:308,107
DA:309,1
DA:312,107
DA:313,3
DA:316,107
DA:317,2
DA:320,107
DA:321,1
DA:324,107
DA:325,1
DA:328,107
DA:329,1
DA:332,107
DA:333,1
DA:336,107
DA:337,3
DA:340,107
DA:341,107
DA:343,107
DA:364,107
DA:370,6
DA:371,192
DA:372,192
DA:373,0
DA:375,192
DA:379,6
DA:380,34
DA:381,34
DA:384,6
DA:385,0
DA:386,0
DA:389,6
DA:390,0
DA:391,0
DA:394,6
DA:395,28
DA:396,28
DA:399,6
DA:400,0
DA:401,0
LF:85
LH:74
BRDA:92,0,0,3
BRDA:92,0,1,1
BRDA:92,0,2,2
BRDA:92,0,3,2
BRDA:92,0,4,3
BRDA:92,0,5,2
BRDA:92,0,6,1
BRDA:92,0,7,3
BRDA:92,0,8,2
BRDA:92,0,9,1
BRDA:92,0,10,1
BRDA:92,0,11,3
BRDA:92,0,12,1
BRDA:92,0,13,1
BRDA:92,0,14,0
BRDA:92,0,15,0
BRDA:99,1,0,1
BRDA:99,1,1,2
BRDA:100,2,0,0
BRDA:100,2,1,3
BRDA:107,3,0,1
BRDA:107,3,1,0
BRDA:114,4,0,2
BRDA:114,4,1,0
BRDA:193,5,0,1
BRDA:193,5,1,2
BRDA:202,6,0,0
BRDA:202,7,0,1
BRDA:202,7,1,1
BRDA:222,8,0,0
BRDA:222,9,0,1
BRDA:222,9,1,1
BRDA:340,10,0,6
BRDA:340,10,1,101
BRDA:341,11,0,6
BRDA:341,11,1,101
BRDA:372,12,0,0
BRF:37
BRH:29
end_of_record
TN:
SF:src\js\contexts\EditorContext.tsx
FN:41,(anonymous_9)
FN:45,(anonymous_10)
FN:50,(anonymous_11)
FN:54,(anonymous_12)
FN:68,(anonymous_13)
FN:78,(anonymous_14)
FN:79,(anonymous_15)
FN:82,(anonymous_16)
FN:93,(anonymous_17)
FNF:9
FNH:5
FNDA:66,(anonymous_9)
FNDA:66,(anonymous_10)
FNDA:66,(anonymous_11)
FNDA:66,(anonymous_12)
FNDA:66,(anonymous_13)
FNDA:0,(anonymous_14)
FNDA:0,(anonymous_15)
FNDA:0,(anonymous_16)
FNDA:0,(anonymous_17)
DA:1,6
DA:16,6
DA:35,6
DA:41,6
DA:42,66
DA:45,66
DA:46,66
DA:50,66
DA:51,66
DA:54,66
DA:55,66
DA:58,66
DA:59,66
DA:60,0
DA:61,0
DA:64,0
DA:68,66
DA:69,66
DA:72,66
DA:74,0
DA:78,66
DA:79,0
DA:82,66
DA:83,0
DA:86,66
DA:93,6
DA:94,0
DA:95,0
DA:96,0
DA:98,0
LF:30
LH:20
BRDA:59,0,0,0
BRDA:95,1,0,0
BRF:2
BRH:0
end_of_record
TN:
SF:src\js\contexts\SettingsContext.tsx
FN:39,settingsReducer
FN:141,(anonymous_10)
FN:147,(anonymous_11)
FN:152,(anonymous_12)
FN:182,(anonymous_13)
FN:183,(anonymous_14)
FN:187,(anonymous_15)
FN:191,(anonymous_16)
FN:201,(anonymous_17)
FN:216,(anonymous_18)
FN:223,(anonymous_19)
FN:230,(anonymous_20)
FN:240,(anonymous_21)
FN:247,(anonymous_22)
FN:254,(anonymous_23)
FN:260,(anonymous_24)
FN:265,(anonymous_25)
FN:269,(anonymous_26)
FN:302,(anonymous_27)
FN:311,(anonymous_28)
FN:316,(anonymous_29)
FN:321,(anonymous_30)
FN:326,(anonymous_31)
FN:331,(anonymous_32)
FN:336,(anonymous_33)
FNF:25
FNH:19
FNDA:13,settingsReducer
FNDA:94,(anonymous_10)
FNDA:81,(anonymous_11)
FNDA:81,(anonymous_12)
FNDA:94,(anonymous_13)
FNDA:16,(anonymous_14)
FNDA:94,(anonymous_15)
FNDA:16,(anonymous_16)
FNDA:81,(anonymous_17)
FNDA:5,(anonymous_18)
FNDA:1,(anonymous_19)
FNDA:1,(anonymous_20)
FNDA:1,(anonymous_21)
FNDA:1,(anonymous_22)
FNDA:1,(anonymous_23)
FNDA:1,(anonymous_24)
FNDA:1,(anonymous_25)
FNDA:3,(anonymous_26)
FNDA:56,(anonymous_27)
FNDA:0,(anonymous_28)
FNDA:0,(anonymous_29)
FNDA:0,(anonymous_30)
FNDA:0,(anonymous_31)
FNDA:0,(anonymous_32)
FNDA:0,(anonymous_33)
DA:1,6
DA:9,6
DA:14,6
DA:15,6
DA:43,13
DA:45,0
DA:48,5
DA:55,1
DA:62,1
DA:69,1
DA:76,1
DA:83,1
DA:90,1
DA:93,2
DA:99,0
DA:132,6
DA:141,6
DA:144,94
DA:147,94
DA:148,81
DA:152,94
DA:153,81
DA:155,81
DA:157,81
DA:158,81
DA:159,81
DA:161,81
DA:162,81
DA:164,81
DA:165,78
DA:166,78
DA:168,3
DA:173,81
DA:175,0
DA:177,0
DA:182,94
DA:183,94
DA:184,16
DA:187,94
DA:191,94
DA:192,16
DA:193,16
DA:194,16
DA:196,0
DA:201,94
DA:202,81
DA:204,81
DA:205,81
DA:206,12
DA:207,12
DA:210,0
DA:215,94
DA:217,5
DA:222,94
DA:224,1
DA:229,94
DA:231,1
DA:239,94
DA:241,1
DA:246,94
DA:248,1
DA:253,94
DA:255,1
DA:260,94
DA:261,1
DA:262,1
DA:265,94
DA:266,1
DA:269,94
DA:270,3
DA:271,3
DA:272,2
DA:274,1
DA:278,94
DA:294,94
DA:302,6
DA:303,56
DA:304,56
DA:305,0
DA:307,56
DA:311,6
DA:312,0
DA:313,0
DA:316,6
DA:317,0
DA:318,0
DA:321,6
DA:322,0
DA:323,0
DA:326,6
DA:327,0
DA:328,0
DA:331,6
DA:332,0
DA:333,0
DA:336,6
DA:337,0
DA:338,0
LF:98
LH:79
BRDA:43,0,0,0
BRDA:43,0,1,5
BRDA:43,0,2,1
BRDA:43,0,3,1
BRDA:43,0,4,1
BRDA:43,0,5,1
BRDA:43,0,6,1
BRDA:43,0,7,1
BRDA:43,0,8,2
BRDA:43,0,9,0
BRDA:157,1,0,81
BRDA:164,2,0,78
BRDA:164,2,1,3
BRDA:205,3,0,12
BRDA:304,4,0,0
BRF:15
BRH:12
end_of_record
TN:
SF:src\js\hooks\useCEPBridge.ts
FN:21,(anonymous_0)
FN:30,(anonymous_1)
FN:35,(anonymous_2)
FN:36,(anonymous_3)
FN:37,(anonymous_4)
FN:42,(anonymous_5)
FN:47,(anonymous_6)
FN:48,(anonymous_7)
FN:56,(anonymous_8)
FN:72,(anonymous_9)
FN:82,(anonymous_10)
FN:83,(anonymous_11)
FN:97,(anonymous_12)
FN:102,(anonymous_13)
FN:120,(anonymous_14)
FN:138,(anonymous_15)
FN:164,(anonymous_16)
FN:171,(anonymous_17)
FN:176,(anonymous_18)
FN:194,(anonymous_19)
FN:216,(anonymous_20)
FN:229,(anonymous_21)
FN:248,(anonymous_22)
FN:276,(anonymous_23)
FNF:24
FNH:0
FNDA:0,(anonymous_0)
FNDA:0,(anonymous_1)
FNDA:0,(anonymous_2)
FNDA:0,(anonymous_3)
FNDA:0,(anonymous_4)
FNDA:0,(anonymous_5)
FNDA:0,(anonymous_6)
FNDA:0,(anonymous_7)
FNDA:0,(anonymous_8)
FNDA:0,(anonymous_9)
FNDA:0,(anonymous_10)
FNDA:0,(anonymous_11)
FNDA:0,(anonymous_12)
FNDA:0,(anonymous_13)
FNDA:0,(anonymous_14)
FNDA:0,(anonymous_15)
FNDA:0,(anonymous_16)
FNDA:0,(anonymous_17)
FNDA:0,(anonymous_18)
FNDA:0,(anonymous_19)
FNDA:0,(anonymous_20)
FNDA:0,(anonymous_21)
FNDA:0,(anonymous_22)
FNDA:0,(anonymous_23)
DA:1,0
DA:2,0
DA:3,0
DA:21,0
DA:22,0
DA:30,0
DA:31,0
DA:35,0
DA:36,0
DA:37,0
DA:40,0
DA:42,0
DA:43,0
DA:47,0
DA:48,0
DA:54,0
DA:55,0
DA:56,0
DA:72,0
DA:82,0
DA:83,0
DA:86,0
DA:97,0
DA:98,0
DA:99,0
DA:100,0
DA:102,0
DA:103,0
DA:104,0
DA:106,0
DA:107,0
DA:108,0
DA:109,0
DA:111,0
DA:112,0
DA:113,0
DA:114,0
DA:116,0
DA:120,0
DA:121,0
DA:122,0
DA:124,0
DA:125,0
DA:126,0
DA:128,0
DA:129,0
DA:130,0
DA:131,0
DA:133,0
DA:137,0
DA:139,0
DA:140,0
DA:142,0
DA:143,0
DA:144,0
DA:146,0
DA:147,0
DA:148,0
DA:149,0
DA:151,0
DA:157,0
DA:164,0
DA:171,0
DA:172,0
DA:173,0
DA:174,0
DA:176,0
DA:177,0
DA:178,0
DA:180,0
DA:181,0
DA:182,0
DA:184,0
DA:185,0
DA:186,0
DA:187,0
DA:189,0
DA:193,0
DA:195,0
DA:196,0
DA:198,0
DA:199,0
DA:203,0
DA:205,0
DA:206,0
DA:207,0
DA:208,0
DA:210,0
DA:216,0
DA:217,0
DA:219,0
DA:220,0
DA:221,0
DA:223,0
DA:224,0
DA:225,0
DA:229,0
DA:230,0
DA:231,0
DA:233,0
DA:234,0
DA:235,0
DA:236,0
DA:238,0
DA:239,0
DA:240,0
DA:241,0
DA:243,0
DA:247,0
DA:249,0
DA:250,0
DA:252,0
DA:253,0
DA:254,0
DA:256,0
DA:257,0
DA:258,0
DA:259,0
DA:261,0
DA:267,0
DA:276,0
LF:121
LH:0
BRDA:60,0,0,0
BRDA:60,0,1,0
BRDA:67,1,0,0
BRDA:67,1,1,0
BRDA:248,2,0,0
BRF:5
BRH:0
end_of_record
TN:
SF:src\js\hooks\useContextMenu.ts
FN:10,(anonymous_0)
FN:20,(anonymous_1)
FN:33,(anonymous_2)
FN:34,(anonymous_3)
FN:38,(anonymous_4)
FN:38,(anonymous_5)
FN:45,(anonymous_6)
FN:48,(anonymous_7)
FN:49,(anonymous_8)
FN:54,(anonymous_9)
FNF:10
FNH:2
FNDA:28,(anonymous_0)
FNDA:0,(anonymous_1)
FNDA:0,(anonymous_2)
FNDA:0,(anonymous_3)
FNDA:0,(anonymous_4)
FNDA:0,(anonymous_5)
FNDA:27,(anonymous_6)
FNDA:0,(anonymous_7)
FNDA:0,(anonymous_8)
FNDA:0,(anonymous_9)
DA:1,2
DA:10,2
DA:11,28
DA:17,28
DA:19,28
DA:21,0
DA:22,0
DA:24,0
DA:33,28
DA:34,0
DA:37,28
DA:38,0
DA:39,0
DA:45,28
DA:46,27
DA:48,0
DA:49,0
DA:51,0
DA:52,0
DA:54,0
DA:55,0
DA:56,0
DA:60,28
LF:23
LH:10
BRDA:46,0,0,27
BRF:1
BRH:1
end_of_record
TN:
SF:src\js\hooks\useLayerSelection.ts
FN:8,(anonymous_0)
FN:15,(anonymous_1)
FN:17,(anonymous_2)
FN:24,(anonymous_3)
FN:28,(anonymous_4)
FN:36,(anonymous_5)
FN:49,(anonymous_6)
FN:53,(anonymous_7)
FN:58,(anonymous_8)
FN:59,(anonymous_9)
FN:62,(anonymous_10)
FN:63,(anonymous_11)
FN:64,(anonymous_12)
FN:72,(anonymous_13)
FN:73,(anonymous_14)
FN:73,(anonymous_15)
FN:76,(anonymous_16)
FN:81,(anonymous_17)
FN:82,(anonymous_18)
FNF:19
FNH:0
FNDA:0,(anonymous_0)
FNDA:0,(anonymous_1)
FNDA:0,(anonymous_2)
FNDA:0,(anonymous_3)
FNDA:0,(anonymous_4)
FNDA:0,(anonymous_5)
FNDA:0,(anonymous_6)
FNDA:0,(anonymous_7)
FNDA:0,(anonymous_8)
FNDA:0,(anonymous_9)
FNDA:0,(anonymous_10)
FNDA:0,(anonymous_11)
FNDA:0,(anonymous_12)
FNDA:0,(anonymous_13)
FNDA:0,(anonymous_14)
FNDA:0,(anonymous_15)
FNDA:0,(anonymous_16)
FNDA:0,(anonymous_17)
FNDA:0,(anonymous_18)
DA:1,0
DA:2,0
DA:8,0
DA:9,0
DA:10,0
DA:11,0
DA:12,0
DA:15,0
DA:16,0
DA:17,0
DA:18,0
DA:22,0
DA:24,0
DA:28,0
DA:29,0
DA:30,0
DA:34,0
DA:37,0
DA:40,0
DA:41,0
DA:42,0
DA:45,0
DA:49,0
DA:50,0
DA:53,0
DA:54,0
DA:55,0
DA:58,0
DA:59,0
DA:62,0
DA:63,0
DA:64,0
DA:65,0
DA:66,0
DA:68,0
DA:72,0
DA:73,0
DA:76,0
DA:77,0
DA:80,0
DA:82,0
DA:87,0
LF:42
LH:0
BRDA:16,0,0,0
BRDA:34,1,0,0
BRDA:34,1,1,0
BRDA:37,2,0,0
BRDA:37,2,1,0
BRDA:40,3,0,0
BRDA:65,4,0,0
BRF:7
BRH:0
end_of_record
TN:
SF:src\js\hooks\useNotesManager.ts
FN:26,(anonymous_0)
FN:37,(anonymous_1)
FN:42,(anonymous_2)
FN:48,(anonymous_3)
FN:49,(anonymous_4)
FN:72,(anonymous_5)
FN:78,(anonymous_6)
FN:85,(anonymous_7)
FN:91,(anonymous_8)
FN:99,(anonymous_9)
FN:123,(anonymous_10)
FN:130,(anonymous_11)
FN:135,(anonymous_12)
FN:149,(anonymous_13)
FN:160,(anonymous_14)
FN:161,(anonymous_15)
FN:162,(anonymous_16)
FN:201,(anonymous_17)
FN:202,(anonymous_18)
FN:203,(anonymous_19)
FN:213,(anonymous_20)
FN:224,(anonymous_21)
FN:225,(anonymous_22)
FN:227,(anonymous_23)
FN:247,(anonymous_24)
FN:248,(anonymous_25)
FN:254,(anonymous_26)
FN:255,(anonymous_27)
FN:261,(anonymous_28)
FN:262,(anonymous_29)
FN:268,(anonymous_30)
FN:275,(anonymous_31)
FN:284,(anonymous_32)
FN:285,(anonymous_33)
FN:287,(anonymous_34)
FN:295,(anonymous_35)
FN:296,(anonymous_36)
FN:298,(anonymous_37)
FN:300,(anonymous_38)
FN:306,(anonymous_39)
FN:312,(anonymous_40)
FN:318,(anonymous_41)
FN:319,(anonymous_42)
FN:327,(anonymous_43)
FN:330,(anonymous_44)
FN:336,(anonymous_45)
FN:340,(anonymous_46)
FN:349,(anonymous_47)
FN:350,(anonymous_48)
FN:353,(anonymous_49)
FN:354,(anonymous_50)
FN:357,(anonymous_51)
FN:369,(anonymous_52)
FN:377,(anonymous_53)
FN:384,(anonymous_54)
FN:392,(anonymous_55)
FNF:56
FNH:0
FNDA:0,(anonymous_0)
FNDA:0,(anonymous_1)
FNDA:0,(anonymous_2)
FNDA:0,(anonymous_3)
FNDA:0,(anonymous_4)
FNDA:0,(anonymous_5)
FNDA:0,(anonymous_6)
FNDA:0,(anonymous_7)
FNDA:0,(anonymous_8)
FNDA:0,(anonymous_9)
FNDA:0,(anonymous_10)
FNDA:0,(anonymous_11)
FNDA:0,(anonymous_12)
FNDA:0,(anonymous_13)
FNDA:0,(anonymous_14)
FNDA:0,(anonymous_15)
FNDA:0,(anonymous_16)
FNDA:0,(anonymous_17)
FNDA:0,(anonymous_18)
FNDA:0,(anonymous_19)
FNDA:0,(anonymous_20)
FNDA:0,(anonymous_21)
FNDA:0,(anonymous_22)
FNDA:0,(anonymous_23)
FNDA:0,(anonymous_24)
FNDA:0,(anonymous_25)
FNDA:0,(anonymous_26)
FNDA:0,(anonymous_27)
FNDA:0,(anonymous_28)
FNDA:0,(anonymous_29)
FNDA:0,(anonymous_30)
FNDA:0,(anonymous_31)
FNDA:0,(anonymous_32)
FNDA:0,(anonymous_33)
FNDA:0,(anonymous_34)
FNDA:0,(anonymous_35)
FNDA:0,(anonymous_36)
FNDA:0,(anonymous_37)
FNDA:0,(anonymous_38)
FNDA:0,(anonymous_39)
FNDA:0,(anonymous_40)
FNDA:0,(anonymous_41)
FNDA:0,(anonymous_42)
FNDA:0,(anonymous_43)
FNDA:0,(anonymous_44)
FNDA:0,(anonymous_45)
FNDA:0,(anonymous_46)
FNDA:0,(anonymous_47)
FNDA:0,(anonymous_48)
FNDA:0,(anonymous_49)
FNDA:0,(anonymous_50)
FNDA:0,(anonymous_51)
FNDA:0,(anonymous_52)
FNDA:0,(anonymous_53)
FNDA:0,(anonymous_54)
FNDA:0,(anonymous_55)
DA:1,0
DA:12,0
DA:13,0
DA:15,0
DA:26,0
DA:27,0
DA:37,0
DA:38,0
DA:42,0
DA:43,0
DA:44,0
DA:48,0
DA:49,0
DA:51,0
DA:53,0
DA:55,0
DA:57,0
DA:59,0
DA:61,0
DA:62,0
DA:65,0
DA:68,0
DA:69,0
DA:72,0
DA:78,0
DA:85,0
DA:91,0
DA:99,0
DA:100,0
DA:101,0
DA:107,0
DA:109,0
DA:111,0
DA:113,0
DA:115,0
DA:116,0
DA:119,0
DA:122,0
DA:123,0
DA:130,0
DA:131,0
DA:134,0
DA:136,0
DA:137,0
DA:149,0
DA:155,0
DA:160,0
DA:161,0
DA:162,0
DA:163,0
DA:164,0
DA:170,0
DA:171,0
DA:173,0
DA:191,0
DA:198,0
DA:201,0
DA:202,0
DA:203,0
DA:204,0
DA:205,0
DA:211,0
DA:213,0
DA:220,0
DA:223,0
DA:225,0
DA:226,0
DA:227,0
DA:231,0
DA:234,0
DA:242,0
DA:247,0
DA:248,0
DA:254,0
DA:255,0
DA:261,0
DA:262,0
DA:268,0
DA:269,0
DA:275,0
DA:280,0
DA:283,0
DA:285,0
DA:288,0
DA:295,0
DA:296,0
DA:298,0
DA:301,0
DA:306,0
DA:307,0
DA:310,0
DA:311,0
DA:312,0
DA:317,0
DA:318,0
DA:319,0
DA:324,0
DA:325,0
DA:326,0
DA:328,0
DA:330,0
DA:335,0
DA:336,0
DA:340,0
DA:341,0
DA:342,0
DA:343,0
DA:346,0
DA:349,0
DA:350,0
DA:353,0
DA:354,0
DA:357,0
DA:358,0
DA:365,0
DA:368,0
DA:370,0
DA:371,0
DA:373,0
DA:374,0
DA:377,0
DA:384,0
DA:390,0
DA:392,0
DA:396,0
DA:402,0
LF:126
LH:0
BRDA:43,0,0,0
BRDA:55,1,0,0
BRDA:55,1,1,0
BRDA:55,2,0,0
BRDA:55,2,1,0
BRDA:68,3,0,0
BRDA:68,3,1,0
BRDA:81,4,0,0
BRDA:81,4,1,0
BRDA:109,5,0,0
BRDA:109,5,1,0
BRDA:109,6,0,0
BRDA:109,6,1,0
BRDA:139,7,0,0
BRDA:139,7,1,0
BRDA:140,8,0,0
BRDA:140,8,1,0
BRDA:142,9,0,0
BRDA:142,9,1,0
BRDA:163,10,0,0
BRDA:175,11,0,0
BRDA:175,11,1,0
BRDA:177,12,0,0
BRDA:177,12,1,0
BRDA:181,13,0,0
BRDA:181,13,1,0
BRDA:184,14,0,0
BRDA:184,14,1,0
BRDA:185,15,0,0
BRDA:185,15,1,0
BRDA:187,16,0,0
BRDA:187,16,1,0
BRDA:204,17,0,0
BRDA:215,18,0,0
BRDA:215,18,1,0
BRDA:226,19,0,0
BRDA:288,20,0,0
BRDA:288,20,1,0
BRDA:301,21,0,0
BRDA:301,21,1,0
BRDA:310,22,0,0
BRDA:317,23,0,0
BRDA:317,24,0,0
BRDA:317,24,1,0
BRDA:324,25,0,0
BRDA:328,26,0,0
BRDA:328,26,1,0
BRDA:328,26,2,0
BRDA:335,27,0,0
BRDA:341,28,0,0
BRDA:341,29,0,0
BRDA:341,29,1,0
BRDA:342,30,0,0
BRDA:342,31,0,0
BRDA:342,31,1,0
BRDA:350,32,0,0
BRDA:350,32,1,0
BRDA:373,33,0,0
BRDA:373,34,0,0
BRDA:373,34,1,0
BRDA:387,35,0,0
BRDA:387,35,1,0
BRF:62
BRH:0
end_of_record
TN:
SF:src\js\hooks\useVSCodeShortcuts.ts
FN:8,(anonymous_0)
FN:23,(anonymous_1)
FN:24,(anonymous_2)
FN:25,(anonymous_3)
FN:26,(anonymous_4)
FN:27,(anonymous_5)
FN:28,(anonymous_6)
FN:31,(anonymous_7)
FN:32,(anonymous_8)
FN:33,(anonymous_9)
FN:34,(anonymous_10)
FN:35,(anonymous_11)
FN:36,(anonymous_12)
FN:37,(anonymous_13)
FN:38,(anonymous_14)
FN:39,(anonymous_15)
FN:40,(anonymous_16)
FN:43,(anonymous_17)
FN:44,(anonymous_18)
FN:45,(anonymous_19)
FN:46,(anonymous_20)
FN:47,(anonymous_21)
FN:48,(anonymous_22)
FN:49,(anonymous_23)
FN:52,(anonymous_24)
FN:53,(anonymous_25)
FN:54,(anonymous_26)
FN:55,(anonymous_27)
FN:58,(anonymous_28)
FN:59,(anonymous_29)
FN:60,(anonymous_30)
FN:63,(anonymous_31)
FN:64,(anonymous_32)
FN:65,(anonymous_33)
FN:66,(anonymous_34)
FN:67,(anonymous_35)
FN:68,(anonymous_36)
FN:72,(anonymous_37)
FN:137,(anonymous_38)
FN:139,(anonymous_39)
FNF:40
FNH:0
FNDA:0,(anonymous_0)
FNDA:0,(anonymous_1)
FNDA:0,(anonymous_2)
FNDA:0,(anonymous_3)
FNDA:0,(anonymous_4)
FNDA:0,(anonymous_5)
FNDA:0,(anonymous_6)
FNDA:0,(anonymous_7)
FNDA:0,(anonymous_8)
FNDA:0,(anonymous_9)
FNDA:0,(anonymous_10)
FNDA:0,(anonymous_11)
FNDA:0,(anonymous_12)
FNDA:0,(anonymous_13)
FNDA:0,(anonymous_14)
FNDA:0,(anonymous_15)
FNDA:0,(anonymous_16)
FNDA:0,(anonymous_17)
FNDA:0,(anonymous_18)
FNDA:0,(anonymous_19)
FNDA:0,(anonymous_20)
FNDA:0,(anonymous_21)
FNDA:0,(anonymous_22)
FNDA:0,(anonymous_23)
FNDA:0,(anonymous_24)
FNDA:0,(anonymous_25)
FNDA:0,(anonymous_26)
FNDA:0,(anonymous_27)
FNDA:0,(anonymous_28)
FNDA:0,(anonymous_29)
FNDA:0,(anonymous_30)
FNDA:0,(anonymous_31)
FNDA:0,(anonymous_32)
FNDA:0,(anonymous_33)
FNDA:0,(anonymous_34)
FNDA:0,(anonymous_35)
FNDA:0,(anonymous_36)
FNDA:0,(anonymous_37)
FNDA:0,(anonymous_38)
FNDA:0,(anonymous_39)
DA:1,0
DA:2,0
DA:8,0
DA:19,0
DA:21,0
DA:23,0
DA:24,0
DA:25,0
DA:26,0
DA:27,0
DA:28,0
DA:31,0
DA:32,0
DA:33,0
DA:34,0
DA:35,0
DA:36,0
DA:37,0
DA:38,0
DA:39,0
DA:40,0
DA:43,0
DA:44,0
DA:45,0
DA:46,0
DA:47,0
DA:48,0
DA:49,0
DA:52,0
DA:53,0
DA:54,0
DA:55,0
DA:58,0
DA:59,0
DA:60,0
DA:63,0
DA:64,0
DA:65,0
DA:66,0
DA:67,0
DA:68,0
DA:71,0
DA:74,0
DA:75,0
DA:80,0
DA:84,0
DA:85,0
DA:86,0
DA:87,0
DA:88,0
DA:90,0
DA:91,0
DA:94,0
DA:107,0
DA:108,0
DA:111,0
DA:112,0
DA:113,0
DA:114,0
DA:118,0
DA:119,0
DA:120,0
DA:121,0
DA:125,0
DA:126,0
DA:127,0
DA:128,0
DA:129,0
DA:130,0
DA:137,0
DA:138,0
DA:139,0
DA:140,0
DA:144,0
LF:74
LH:0
BRDA:31,0,0,0
BRDA:31,0,1,0
BRDA:32,1,0,0
BRDA:32,1,1,0
BRDA:33,2,0,0
BRDA:33,2,1,0
BRDA:75,3,0,0
BRDA:76,4,0,0
BRDA:76,4,1,0
BRDA:76,4,2,0
BRDA:85,5,0,0
BRDA:86,6,0,0
BRDA:87,7,0,0
BRDA:88,8,0,0
BRDA:107,9,0,0
BRDA:107,9,1,0
BRDA:111,10,0,0
BRDA:118,11,0,0
BRDA:125,12,0,0
BRDA:125,13,0,0
BRDA:125,13,1,0
BRDA:127,14,0,0
BRF:22
BRH:0
end_of_record
TN:
SF:src\js\lib\cep-bridge.ts
FN:19,(anonymous_0)
FN:26,(anonymous_1)
FN:28,(anonymous_2)
FN:34,(anonymous_3)
FN:41,(anonymous_4)
FN:49,(anonymous_5)
FN:59,(anonymous_6)
FN:67,(anonymous_7)
FN:71,(anonymous_8)
FN:75,(anonymous_9)
FN:80,(anonymous_10)
FN:88,(anonymous_11)
FN:91,(anonymous_12)
FN:112,(anonymous_13)
FN:118,(anonymous_14)
FN:140,(anonymous_15)
FN:150,(anonymous_16)
FN:153,(anonymous_17)
FN:176,(anonymous_18)
FN:177,(anonymous_19)
FN:178,(anonymous_20)
FN:193,(anonymous_21)
FN:194,(anonymous_22)
FN:195,(anonymous_23)
FN:210,(anonymous_24)
FN:211,(anonymous_25)
FN:212,(anonymous_26)
FN:227,(anonymous_27)
FN:228,(anonymous_28)
FN:231,(anonymous_29)
FN:247,(anonymous_30)
FN:251,(anonymous_31)
FN:254,(anonymous_32)
FN:270,(anonymous_33)
FN:271,(anonymous_34)
FN:272,(anonymous_35)
FN:287,(anonymous_36)
FN:288,(anonymous_37)
FN:289,(anonymous_38)
FN:304,(anonymous_39)
FN:308,(anonymous_40)
FN:309,(anonymous_41)
FN:324,(anonymous_42)
FN:343,(anonymous_43)
FN:353,(anonymous_44)
FN:364,(anonymous_45)
FNF:46
FNH:0
FNDA:0,(anonymous_0)
FNDA:0,(anonymous_1)
FNDA:0,(anonymous_2)
FNDA:0,(anonymous_3)
FNDA:0,(anonymous_4)
FNDA:0,(anonymous_5)
FNDA:0,(anonymous_6)
FNDA:0,(anonymous_7)
FNDA:0,(anonymous_8)
FNDA:0,(anonymous_9)
FNDA:0,(anonymous_10)
FNDA:0,(anonymous_11)
FNDA:0,(anonymous_12)
FNDA:0,(anonymous_13)
FNDA:0,(anonymous_14)
FNDA:0,(anonymous_15)
FNDA:0,(anonymous_16)
FNDA:0,(anonymous_17)
FNDA:0,(anonymous_18)
FNDA:0,(anonymous_19)
FNDA:0,(anonymous_20)
FNDA:0,(anonymous_21)
FNDA:0,(anonymous_22)
FNDA:0,(anonymous_23)
FNDA:0,(anonymous_24)
FNDA:0,(anonymous_25)
FNDA:0,(anonymous_26)
FNDA:0,(anonymous_27)
FNDA:0,(anonymous_28)
FNDA:0,(anonymous_29)
FNDA:0,(anonymous_30)
FNDA:0,(anonymous_31)
FNDA:0,(anonymous_32)
FNDA:0,(anonymous_33)
FNDA:0,(anonymous_34)
FNDA:0,(anonymous_35)
FNDA:0,(anonymous_36)
FNDA:0,(anonymous_37)
FNDA:0,(anonymous_38)
FNDA:0,(anonymous_39)
FNDA:0,(anonymous_40)
FNDA:0,(anonymous_41)
FNDA:0,(anonymous_42)
FNDA:0,(anonymous_43)
FNDA:0,(anonymous_44)
FNDA:0,(anonymous_45)
DA:8,0
DA:14,0
DA:15,0
DA:16,0
DA:17,0
DA:20,0
DA:28,0
DA:29,0
DA:32,0
DA:35,0
DA:39,0
DA:42,0
DA:47,0
DA:50,0
DA:57,0
DA:60,0
DA:67,0
DA:68,0
DA:71,0
DA:72,0
DA:75,0
DA:76,0
DA:80,0
DA:81,0
DA:89,0
DA:90,0
DA:91,0
DA:92,0
DA:93,0
DA:95,0
DA:98,0
DA:102,0
DA:103,0
DA:104,0
DA:105,0
DA:113,0
DA:116,0
DA:117,0
DA:118,0
DA:119,0
DA:120,0
DA:122,0
DA:125,0
DA:128,0
DA:129,0
DA:130,0
DA:131,0
DA:144,0
DA:145,0
DA:147,0
DA:150,0
DA:151,0
DA:152,0
DA:153,0
DA:154,0
DA:155,0
DA:162,0
DA:165,0
DA:167,0
DA:170,0
DA:177,0
DA:178,0
DA:179,0
DA:180,0
DA:182,0
DA:186,0
DA:194,0
DA:195,0
DA:196,0
DA:197,0
DA:199,0
DA:203,0
DA:211,0
DA:212,0
DA:213,0
DA:214,0
DA:216,0
DA:220,0
DA:228,0
DA:229,0
DA:232,0
DA:233,0
DA:235,0
DA:240,0
DA:251,0
DA:252,0
DA:255,0
DA:256,0
DA:258,0
DA:263,0
DA:271,0
DA:272,0
DA:273,0
DA:274,0
DA:276,0
DA:280,0
DA:288,0
DA:289,0
DA:290,0
DA:291,0
DA:293,0
DA:297,0
DA:308,0
DA:309,0
DA:310,0
DA:311,0
DA:313,0
DA:317,0
DA:331,0
DA:332,0
DA:333,0
DA:335,0
DA:337,0
DA:338,0
DA:342,0
DA:343,0
DA:347,0
DA:354,0
DA:365,0
DA:366,0
DA:367,0
DA:371,0
DA:372,0
DA:374,0
DA:384,0
LF:125
LH:0
BRDA:90,0,0,0
BRDA:103,1,0,0
BRDA:117,2,0,0
BRDA:117,3,0,0
BRDA:117,3,1,0
BRDA:129,4,0,0
BRDA:144,5,0,0
BRDA:152,6,0,0
BRDA:179,7,0,0
BRDA:179,7,1,0
BRDA:196,8,0,0
BRDA:196,8,1,0
BRDA:213,9,0,0
BRDA:213,9,1,0
BRDA:232,10,0,0
BRDA:232,10,1,0
BRDA:255,11,0,0
BRDA:255,11,1,0
BRDA:273,12,0,0
BRDA:273,12,1,0
BRDA:290,13,0,0
BRDA:290,13,1,0
BRDA:306,14,0,0
BRDA:310,15,0,0
BRDA:310,15,1,0
BRDA:326,16,0,0
BRDA:327,17,0,0
BRDA:337,18,0,0
BRDA:355,19,0,0
BRDA:355,19,1,0
BRDA:355,19,2,0
BRDA:366,20,0,0
BRDA:377,21,0,0
BRDA:377,21,1,0
BRF:34
BRH:0
end_of_record
TN:
SF:src\js\lib\cep-error-handler.ts
FN:13,(anonymous_0)
FN:17,(anonymous_1)
FN:32,(anonymous_2)
FN:56,(anonymous_3)
FN:66,(anonymous_4)
FN:86,(anonymous_5)
FN:123,(anonymous_6)
FN:130,(anonymous_7)
FN:140,(anonymous_8)
FN:147,(anonymous_9)
FN:163,(anonymous_10)
FN:191,(anonymous_11)
FNF:12
FNH:0
FNDA:0,(anonymous_0)
FNDA:0,(anonymous_1)
FNDA:0,(anonymous_2)
FNDA:0,(anonymous_3)
FNDA:0,(anonymous_4)
FNDA:0,(anonymous_5)
FNDA:0,(anonymous_6)
FNDA:0,(anonymous_7)
FNDA:0,(anonymous_8)
FNDA:0,(anonymous_9)
FNDA:0,(anonymous_10)
FNDA:0,(anonymous_11)
DA:7,0
DA:8,0
DA:14,0
DA:17,0
DA:18,0
DA:19,0
DA:21,0
DA:26,0
DA:39,0
DA:40,0
DA:41,0
DA:43,0
DA:45,0
DA:46,0
DA:49,0
DA:55,0
DA:56,0
DA:60,0
DA:67,0
DA:71,0
DA:74,0
DA:75,0
DA:87,0
DA:89,0
DA:92,0
DA:95,0
DA:98,0
DA:101,0
DA:104,0
DA:107,0
DA:110,0
DA:113,0
DA:116,0
DA:124,0
DA:131,0
DA:132,0
DA:133,0
DA:141,0
DA:148,0
DA:157,0
DA:164,0
DA:165,0
DA:168,0
DA:170,0
DA:173,0
DA:177,0
DA:181,0
DA:184,0
DA:192,0
DA:202,0
LF:50
LH:0
BRDA:34,0,0,0
BRDA:35,1,0,0
BRDA:45,2,0,0
BRDA:74,3,0,0
BRDA:87,4,0,0
BRDA:87,4,1,0
BRDA:87,4,2,0
BRDA:87,4,3,0
BRDA:87,4,4,0
BRDA:87,4,5,0
BRDA:87,4,6,0
BRDA:87,4,7,0
BRDA:87,4,8,0
BRDA:87,4,9,0
BRDA:132,5,0,0
BRDA:164,6,0,0
BRDA:168,7,0,0
BRDA:168,7,1,0
BRDA:168,7,2,0
BRDA:168,7,3,0
BRDA:168,7,4,0
BRDA:168,7,5,0
BRDA:168,7,6,0
BRDA:198,8,0,0
BRDA:198,8,1,0
BRDA:199,9,0,0
BRDA:199,9,1,0
BRF:27
BRH:0
end_of_record
TN:
SF:src\js\lib\expression-formatter.ts
FN:36,(anonymous_9)
FN:43,(anonymous_10)
FN:94,(anonymous_11)
FN:114,(anonymous_12)
FN:118,(anonymous_13)
FN:121,(anonymous_14)
FN:125,(anonymous_15)
FN:161,(anonymous_16)
FN:180,(anonymous_17)
FN:214,(anonymous_18)
FN:231,(anonymous_19)
FN:243,(anonymous_20)
FN:248,(anonymous_21)
FN:276,(anonymous_22)
FN:290,(anonymous_23)
FN:312,(anonymous_24)
FN:343,(anonymous_25)
FN:354,(anonymous_26)
FN:364,(anonymous_27)
FN:367,(anonymous_28)
FN:378,(anonymous_29)
FN:385,(anonymous_30)
FN:393,registerExpressionFormattingProvider
FN:398,(anonymous_32)
FN:406,(anonymous_33)
FN:414,(anonymous_34)
FNF:26
FNH:0
FNDA:0,(anonymous_9)
FNDA:0,(anonymous_10)
FNDA:0,(anonymous_11)
FNDA:0,(anonymous_12)
FNDA:0,(anonymous_13)
FNDA:0,(anonymous_14)
FNDA:0,(anonymous_15)
FNDA:0,(anonymous_16)
FNDA:0,(anonymous_17)
FNDA:0,(anonymous_18)
FNDA:0,(anonymous_19)
FNDA:0,(anonymous_20)
FNDA:0,(anonymous_21)
FNDA:0,(anonymous_22)
FNDA:0,(anonymous_23)
FNDA:0,(anonymous_24)
FNDA:0,(anonymous_25)
FNDA:0,(anonymous_26)
FNDA:0,(anonymous_27)
FNDA:0,(anonymous_28)
FNDA:0,(anonymous_29)
FNDA:0,(anonymous_30)
FNDA:0,registerExpressionFormattingProvider
FNDA:0,(anonymous_32)
FNDA:0,(anonymous_33)
FNDA:0,(anonymous_34)
DA:1,0
DA:16,0
DA:33,0
DA:37,0
DA:44,0
DA:46,0
DA:49,0
DA:52,0
DA:53,0
DA:57,0
DA:60,0
DA:63,0
DA:66,0
DA:69,0
DA:70,0
DA:74,0
DA:77,0
DA:80,0
DA:81,0
DA:84,0
DA:86,0
DA:87,0
DA:99,0
DA:100,0
DA:102,0
DA:103,0
DA:106,0
DA:115,0
DA:119,0
DA:121,0
DA:126,0
DA:128,0
DA:132,0
DA:133,0
DA:135,0
DA:136,0
DA:138,0
DA:139,0
DA:140,0
DA:144,0
DA:145,0
DA:149,0
DA:150,0
DA:153,0
DA:154,0
DA:158,0
DA:162,0
DA:164,0
DA:166,0
DA:167,0
DA:170,0
DA:171,0
DA:175,0
DA:177,0
DA:181,0
DA:184,0
DA:214,0
DA:215,0
DA:216,0
DA:217,0
DA:221,0
DA:222,0
DA:223,0
DA:226,0
DA:228,0
DA:232,0
DA:235,0
DA:238,0
DA:240,0
DA:244,0
DA:247,0
DA:248,0
DA:249,0
DA:252,0
DA:262,0
DA:266,0
DA:267,0
DA:270,0
DA:273,0
DA:277,0
DA:279,0
DA:281,0
DA:284,0
DA:287,0
DA:291,0
DA:292,0
DA:295,0
DA:296,0
DA:298,0
DA:299,0
DA:300,0
DA:301,0
DA:305,0
DA:306,0
DA:309,0
DA:313,0
DA:314,0
DA:315,0
DA:317,0
DA:318,0
DA:322,0
DA:324,0
DA:325,0
DA:326,0
DA:328,0
DA:330,0
DA:332,0
DA:337,0
DA:338,0
DA:340,0
DA:344,0
DA:345,0
DA:355,0
DA:356,0
DA:366,0
DA:367,0
DA:369,0
DA:370,0
DA:372,0
DA:379,0
DA:386,0
DA:393,0
DA:394,0
DA:397,0
DA:399,0
DA:400,0
DA:405,0
DA:407,0
DA:412,0
DA:416,0
DA:417,0
DA:418,0
DA:425,0
DA:428,0
DA:432,0
LF:135
LH:0
BRDA:36,0,0,0
BRDA:52,1,0,0
BRDA:69,2,0,0
BRDA:80,3,0,0
BRDA:80,4,0,0
BRDA:80,4,1,0
BRDA:102,5,0,0
BRDA:128,6,0,0
BRDA:128,6,1,0
BRDA:138,7,0,0
BRDA:144,8,0,0
BRDA:153,9,0,0
BRDA:164,10,0,0
BRDA:252,11,0,0
BRDA:253,12,0,0
BRDA:253,12,1,0
BRDA:253,12,2,0
BRDA:253,12,3,0
BRDA:253,12,4,0
BRDA:253,12,5,0
BRDA:253,12,6,0
BRDA:253,12,7,0
BRDA:266,13,0,0
BRDA:279,14,0,0
BRDA:279,14,1,0
BRDA:291,15,0,0
BRDA:299,16,0,0
BRDA:314,17,0,0
BRDA:314,17,1,0
BRDA:317,18,0,0
BRDA:326,19,0,0
BRDA:346,20,0,0
BRDA:346,20,1,0
BRDA:346,20,2,0
BRDA:346,20,3,0
BRDA:346,20,4,0
BRDA:346,20,5,0
BRDA:346,20,6,0
BRDA:346,20,7,0
BRDA:357,21,0,0
BRDA:357,21,1,0
BRDA:357,21,2,0
BRDA:357,21,3,0
BRDA:369,22,0,0
BRDA:369,22,1,0
BRDA:369,22,2,0
BRDA:372,23,0,0
BRDA:372,23,1,0
BRDA:372,23,2,0
BRDA:416,24,0,0
BRDA:416,25,0,0
BRDA:416,25,1,0
BRF:52
BRH:0
end_of_record
TN:
SF:src\js\lib\expression-language.ts
FN:386,registerAEExpressionLanguage
FN:486,(anonymous_10)
FN:496,(anonymous_11)
FN:499,(anonymous_12)
FN:518,(anonymous_13)
FN:533,(anonymous_14)
FN:549,(anonymous_15)
FN:556,(anonymous_16)
FN:559,(anonymous_17)
FN:595,(anonymous_18)
FN:628,(anonymous_19)
FN:641,(anonymous_20)
FN:647,(anonymous_21)
FN:664,(anonymous_22)
FN:671,createCompletionItems
FN:675,(anonymous_24)
FN:683,(anonymous_25)
FN:690,(anonymous_26)
FN:702,(anonymous_27)
FNF:19
FNH:0
FNDA:0,registerAEExpressionLanguage
FNDA:0,(anonymous_10)
FNDA:0,(anonymous_11)
FNDA:0,(anonymous_12)
FNDA:0,(anonymous_13)
FNDA:0,(anonymous_14)
FNDA:0,(anonymous_15)
FNDA:0,(anonymous_16)
FNDA:0,(anonymous_17)
FNDA:0,(anonymous_18)
FNDA:0,(anonymous_19)
FNDA:0,(anonymous_20)
FNDA:0,(anonymous_21)
FNDA:0,(anonymous_22)
FNDA:0,createCompletionItems
FNDA:0,(anonymous_24)
FNDA:0,(anonymous_25)
FNDA:0,(anonymous_26)
FNDA:0,(anonymous_27)
DA:1,0
DA:9,0
DA:12,0
DA:278,0
DA:325,0
DA:351,0
DA:386,0
DA:388,0
DA:391,0
DA:418,0
DA:485,0
DA:487,0
DA:488,0
DA:496,0
DA:498,0
DA:499,0
DA:502,0
DA:518,0
DA:519,0
DA:533,0
DA:534,0
DA:543,0
DA:548,0
DA:550,0
DA:551,0
DA:553,0
DA:556,0
DA:557,0
DA:558,0
DA:559,0
DA:562,0
DA:595,0
DA:596,0
DA:597,0
DA:621,0
DA:626,0
DA:630,0
DA:637,0
DA:638,0
DA:640,0
DA:641,0
DA:642,0
DA:644,0
DA:647,0
DA:654,0
DA:655,0
DA:656,0
DA:658,0
DA:671,0
DA:672,0
DA:675,0
DA:676,0
DA:683,0
DA:690,0
DA:691,0
DA:702,0
DA:703,0
DA:711,0
LF:58
LH:0
BRDA:498,0,0,0
BRDA:498,0,1,0
BRDA:507,1,0,0
BRDA:507,1,1,0
BRDA:512,2,0,0
BRDA:512,2,1,0
BRDA:524,3,0,0
BRDA:524,3,1,0
BRDA:551,4,0,0
BRDA:557,5,0,0
BRDA:559,6,0,0
BRDA:559,6,1,0
BRDA:573,7,0,0
BRDA:573,7,1,0
BRDA:576,8,0,0
BRDA:576,8,1,0
BRDA:583,9,0,0
BRDA:583,9,1,0
BRDA:596,10,0,0
BRDA:609,11,0,0
BRDA:609,11,1,0
BRDA:610,12,0,0
BRDA:610,12,1,0
BRDA:638,13,0,0
BRDA:642,14,0,0
BRDA:649,15,0,0
BRDA:649,15,1,0
BRDA:656,16,0,0
BRDA:656,16,1,0
BRDA:682,17,0,0
BRDA:682,17,1,0
BRDA:685,18,0,0
BRDA:685,18,1,0
BRF:33
BRH:0
end_of_record
TN:
SF:src\js\lib\expression-linter.ts
FN:201,(anonymous_9)
FN:206,(anonymous_10)
FN:294,(anonymous_11)
FN:343,(anonymous_12)
FN:485,(anonymous_13)
FN:529,(anonymous_14)
FN:538,(anonymous_15)
FN:554,(anonymous_16)
FN:574,(anonymous_17)
FN:602,(anonymous_18)
FN:629,(anonymous_19)
FN:675,(anonymous_20)
FN:710,(anonymous_21)
FN:754,(anonymous_22)
FN:800,(anonymous_23)
FN:852,(anonymous_24)
FN:888,(anonymous_25)
FN:920,(anonymous_26)
FN:970,(anonymous_27)
FN:994,(anonymous_28)
FN:997,(anonymous_29)
FN:1016,(anonymous_30)
FN:1017,(anonymous_31)
FN:1023,(anonymous_32)
FN:1031,(anonymous_33)
FN:1038,(anonymous_34)
FN:1045,(anonymous_35)
FN:1046,(anonymous_36)
FN:1071,registerExpressionLintingProvider
FN:1079,(anonymous_38)
FN:1111,(anonymous_39)
FNF:31
FNH:0
FNDA:0,(anonymous_9)
FNDA:0,(anonymous_10)
FNDA:0,(anonymous_11)
FNDA:0,(anonymous_12)
FNDA:0,(anonymous_13)
FNDA:0,(anonymous_14)
FNDA:0,(anonymous_15)
FNDA:0,(anonymous_16)
FNDA:0,(anonymous_17)
FNDA:0,(anonymous_18)
FNDA:0,(anonymous_19)
FNDA:0,(anonymous_20)
FNDA:0,(anonymous_21)
FNDA:0,(anonymous_22)
FNDA:0,(anonymous_23)
FNDA:0,(anonymous_24)
FNDA:0,(anonymous_25)
FNDA:0,(anonymous_26)
FNDA:0,(anonymous_27)
FNDA:0,(anonymous_28)
FNDA:0,(anonymous_29)
FNDA:0,(anonymous_30)
FNDA:0,(anonymous_31)
FNDA:0,(anonymous_32)
FNDA:0,(anonymous_33)
FNDA:0,(anonymous_34)
FNDA:0,(anonymous_35)
FNDA:0,(anonymous_36)
FNDA:0,registerExpressionLintingProvider
FNDA:0,(anonymous_38)
FNDA:0,(anonymous_39)
DA:1,0
DA:32,0
DA:55,0
DA:84,0
DA:144,0
DA:197,0
DA:202,0
DA:203,0
DA:207,0
DA:295,0
DA:296,0
DA:299,0
DA:300,0
DA:303,0
DA:304,0
DA:306,0
DA:308,0
DA:309,0
DA:311,0
DA:312,0
DA:314,0
DA:315,0
DA:317,0
DA:318,0
DA:320,0
DA:321,0
DA:323,0
DA:324,0
DA:326,0
DA:327,0
DA:329,0
DA:330,0
DA:332,0
DA:333,0
DA:335,0
DA:336,0
DA:340,0
DA:344,0
DA:345,0
DA:347,0
DA:348,0
DA:349,0
DA:351,0
DA:352,0
DA:355,0
DA:356,0
DA:357,0
DA:361,0
DA:362,0
DA:368,0
DA:372,0
DA:373,0
DA:374,0
DA:375,0
DA:377,0
DA:378,0
DA:379,0
DA:380,0
DA:382,0
DA:383,0
DA:387,0
DA:388,0
DA:389,0
DA:392,0
DA:398,0
DA:402,0
DA:403,0
DA:404,0
DA:405,0
DA:406,0
DA:409,0
DA:415,0
DA:419,0
DA:420,0
DA:421,0
DA:425,0
DA:426,0
DA:429,0
DA:430,0
DA:436,0
DA:440,0
DA:454,0
DA:456,0
DA:457,0
DA:458,0
DA:464,0
DA:465,0
DA:466,0
DA:470,0
DA:471,0
DA:477,0
DA:482,0
DA:486,0
DA:514,0
DA:515,0
DA:518,0
DA:519,0
DA:522,0
DA:523,0
DA:526,0
DA:531,0
DA:542,0
DA:543,0
DA:544,0
DA:547,0
DA:548,0
DA:553,0
DA:555,0
DA:559,0
DA:560,0
DA:566,0
DA:574,0
DA:577,0
DA:578,0
DA:583,0
DA:585,0
DA:599,0
DA:606,0
DA:608,0
DA:609,0
DA:610,0
DA:612,0
DA:626,0
DA:630,0
DA:632,0
DA:633,0
DA:634,0
DA:637,0
DA:638,0
DA:652,0
DA:658,0
DA:672,0
DA:676,0
DA:678,0
DA:679,0
DA:681,0
DA:686,0
DA:688,0
DA:692,0
DA:707,0
DA:711,0
DA:712,0
DA:714,0
DA:715,0
DA:716,0
DA:724,0
DA:725,0
DA:727,0
DA:728,0
DA:729,0
DA:734,0
DA:735,0
DA:751,0
DA:755,0
DA:756,0
DA:757,0
DA:760,0
DA:761,0
DA:762,0
DA:764,0
DA:769,0
DA:774,0
DA:775,0
DA:776,0
DA:781,0
DA:782,0
DA:783,0
DA:797,0
DA:801,0
DA:802,0
DA:805,0
DA:806,0
DA:807,0
DA:808,0
DA:810,0
DA:816,0
DA:817,0
DA:822,0
DA:823,0
DA:824,0
DA:826,0
DA:831,0
DA:833,0
DA:834,0
DA:849,0
DA:853,0
DA:854,0
DA:866,0
DA:867,0
DA:868,0
DA:869,0
DA:870,0
DA:885,0
DA:892,0
DA:894,0
DA:895,0
DA:897,0
DA:902,0
DA:917,0
DA:924,0
DA:927,0
DA:928,0
DA:930,0
DA:931,0
DA:935,0
DA:936,0
DA:937,0
DA:938,0
DA:939,0
DA:940,0
DA:941,0
DA:946,0
DA:947,0
DA:948,0
DA:949,0
DA:967,0
DA:974,0
DA:975,0
DA:977,0
DA:978,0
DA:981,0
DA:985,0
DA:986,0
DA:987,0
DA:991,0
DA:995,0
DA:997,0
DA:999,0
DA:1000,0
DA:1002,0
DA:1003,0
DA:1004,0
DA:1005,0
DA:1013,0
DA:1017,0
DA:1024,0
DA:1025,0
DA:1032,0
DA:1039,0
DA:1046,0
DA:1047,0
DA:1048,0
DA:1049,0
DA:1071,0
DA:1072,0
DA:1075,0
DA:1078,0
DA:1080,0
DA:1082,0
DA:1083,0
DA:1085,0
DA:1086,0
DA:1087,0
DA:1088,0
DA:1109,0
DA:1116,0
LF:256
LH:0
BRDA:201,0,0,0
BRDA:304,1,0,0
BRDA:306,2,0,0
BRDA:306,2,1,0
BRDA:306,2,2,0
BRDA:306,2,3,0
BRDA:306,2,4,0
BRDA:306,2,5,0
BRDA:306,2,6,0
BRDA:306,2,7,0
BRDA:306,2,8,0
BRDA:306,2,9,0
BRDA:355,3,0,0
BRDA:361,4,0,0
BRDA:361,5,0,0
BRDA:361,5,1,0
BRDA:372,6,0,0
BRDA:372,7,0,0
BRDA:372,7,1,0
BRDA:377,8,0,0
BRDA:377,8,1,0
BRDA:378,9,0,0
BRDA:378,9,1,0
BRDA:379,10,0,0
BRDA:379,10,1,0
BRDA:387,11,0,0
BRDA:402,12,0,0
BRDA:404,13,0,0
BRDA:404,13,1,0
BRDA:419,14,0,0
BRDA:422,15,0,0
BRDA:422,15,1,0
BRDA:457,16,0,0
BRDA:470,17,0,0
BRDA:514,18,0,0
BRDA:518,19,0,0
BRDA:522,20,0,0
BRDA:548,21,0,0
BRDA:549,22,0,0
BRDA:549,22,1,0
BRDA:555,23,0,0
BRDA:555,23,1,0
BRDA:555,23,2,0
BRDA:559,24,0,0
BRDA:578,25,0,0
BRDA:579,26,0,0
BRDA:579,26,1,0
BRDA:579,26,2,0
BRDA:609,27,0,0
BRDA:609,28,0,0
BRDA:609,28,1,0
BRDA:637,29,0,0
BRDA:637,30,0,0
BRDA:637,30,1,0
BRDA:652,31,0,0
BRDA:653,32,0,0
BRDA:653,32,1,0
BRDA:653,32,2,0
BRDA:653,32,3,0
BRDA:681,33,0,0
BRDA:682,34,0,0
BRDA:682,34,1,0
BRDA:682,34,2,0
BRDA:688,35,0,0
BRDA:689,36,0,0
BRDA:689,36,1,0
BRDA:715,37,0,0
BRDA:715,37,1,0
BRDA:716,38,0,0
BRDA:716,38,1,0
BRDA:716,38,2,0
BRDA:716,38,3,0
BRDA:716,38,4,0
BRDA:716,38,5,0
BRDA:716,38,6,0
BRDA:727,39,0,0
BRDA:728,40,0,0
BRDA:728,41,0,0
BRDA:728,41,1,0
BRDA:734,42,0,0
BRDA:739,43,0,0
BRDA:739,43,1,0
BRDA:764,44,0,0
BRDA:765,45,0,0
BRDA:765,45,1,0
BRDA:765,45,2,0
BRDA:775,46,0,0
BRDA:775,47,0,0
BRDA:775,47,1,0
BRDA:782,48,0,0
BRDA:810,49,0,0
BRDA:811,50,0,0
BRDA:811,50,1,0
BRDA:811,50,2,0
BRDA:811,50,3,0
BRDA:816,51,0,0
BRDA:816,51,1,0
BRDA:826,52,0,0
BRDA:827,53,0,0
BRDA:827,53,1,0
BRDA:827,53,2,0
BRDA:831,54,0,0
BRDA:831,54,1,0
BRDA:833,55,0,0
BRDA:867,56,0,0
BRDA:867,57,0,0
BRDA:867,57,1,0
BRDA:869,58,0,0
BRDA:869,59,0,0
BRDA:869,59,1,0
BRDA:895,60,0,0
BRDA:897,61,0,0
BRDA:898,62,0,0
BRDA:898,62,1,0
BRDA:898,62,2,0
BRDA:931,63,0,0
BRDA:931,63,1,0
BRDA:932,64,0,0
BRDA:932,64,1,0
BRDA:932,64,2,0
BRDA:937,65,0,0
BRDA:937,66,0,0
BRDA:937,66,1,0
BRDA:938,67,0,0
BRDA:940,68,0,0
BRDA:946,69,0,0
BRDA:946,70,0,0
BRDA:946,70,1,0
BRDA:948,71,0,0
BRDA:981,72,0,0
BRDA:981,72,1,0
BRDA:982,73,0,0
BRDA:982,73,1,0
BRDA:986,74,0,0
BRDA:1004,75,0,0
BRDA:1004,75,1,0
BRDA:1047,76,0,0
BRDA:1083,77,0,0
BRDA:1086,78,0,0
BRF:139
BRH:0
end_of_record
TN:
SF:src\js\lib\expression-search.ts
FN:70,(anonymous_9)
FN:79,(anonymous_10)
FN:139,(anonymous_11)
FN:183,(anonymous_12)
FN:198,(anonymous_13)
FN:236,(anonymous_14)
FN:302,(anonymous_15)
FN:313,(anonymous_16)
FN:326,(anonymous_17)
FN:339,(anonymous_18)
FN:346,(anonymous_19)
FN:348,(anonymous_20)
FN:363,(anonymous_21)
FN:371,(anonymous_22)
FN:378,(anonymous_23)
FN:382,(anonymous_24)
FN:404,(anonymous_25)
FN:452,configureMonacoSearch
FN:465,(anonymous_27)
FN:469,(anonymous_28)
FN:473,(anonymous_29)
FN:477,(anonymous_30)
FN:481,(anonymous_31)
FN:487,(anonymous_32)
FN:496,highlightSearchMatches
FN:505,(anonymous_34)
FN:534,clearSearchHighlights
FNF:27
FNH:0
FNDA:0,(anonymous_9)
FNDA:0,(anonymous_10)
FNDA:0,(anonymous_11)
FNDA:0,(anonymous_12)
FNDA:0,(anonymous_13)
FNDA:0,(anonymous_14)
FNDA:0,(anonymous_15)
FNDA:0,(anonymous_16)
FNDA:0,(anonymous_17)
FNDA:0,(anonymous_18)
FNDA:0,(anonymous_19)
FNDA:0,(anonymous_20)
FNDA:0,(anonymous_21)
FNDA:0,(anonymous_22)
FNDA:0,(anonymous_23)
FNDA:0,(anonymous_24)
FNDA:0,(anonymous_25)
FNDA:0,configureMonacoSearch
FNDA:0,(anonymous_27)
FNDA:0,(anonymous_28)
FNDA:0,(anonymous_29)
FNDA:0,(anonymous_30)
FNDA:0,(anonymous_31)
FNDA:0,(anonymous_32)
FNDA:0,highlightSearchMatches
FNDA:0,(anonymous_34)
FNDA:0,clearSearchHighlights
DA:1,0
DA:51,0
DA:65,0
DA:71,0
DA:72,0
DA:73,0
DA:83,0
DA:85,0
DA:86,0
DA:89,0
DA:90,0
DA:92,0
DA:93,0
DA:95,0
DA:96,0
DA:100,0
DA:102,0
DA:103,0
DA:104,0
DA:106,0
DA:118,0
DA:119,0
DA:123,0
DA:124,0
DA:129,0
DA:130,0
DA:133,0
DA:143,0
DA:145,0
DA:146,0
DA:149,0
DA:150,0
DA:151,0
DA:153,0
DA:154,0
DA:156,0
DA:157,0
DA:170,0
DA:171,0
DA:173,0
DA:175,0
DA:176,0
DA:188,0
DA:190,0
DA:191,0
DA:194,0
DA:195,0
DA:196,0
DA:198,0
DA:199,0
DA:201,0
DA:202,0
DA:206,0
DA:207,0
DA:210,0
DA:211,0
DA:212,0
DA:213,0
DA:220,0
DA:223,0
DA:226,0
DA:228,0
DA:229,0
DA:245,0
DA:246,0
DA:247,0
DA:257,0
DA:258,0
DA:259,0
DA:261,0
DA:262,0
DA:264,0
DA:266,0
DA:267,0
DA:270,0
DA:271,0
DA:272,0
DA:274,0
DA:279,0
DA:288,0
DA:303,0
DA:305,0
DA:307,0
DA:314,0
DA:316,0
DA:320,0
DA:327,0
DA:331,0
DA:333,0
DA:340,0
DA:347,0
DA:348,0
DA:352,0
DA:364,0
DA:365,0
DA:372,0
DA:379,0
DA:383,0
DA:385,0
DA:387,0
DA:390,0
DA:391,0
DA:394,0
DA:401,0
DA:405,0
DA:408,0
DA:409,0
DA:413,0
DA:414,0
DA:418,0
DA:422,0
DA:428,0
DA:452,0
DA:456,0
DA:465,0
DA:466,0
DA:469,0
DA:470,0
DA:473,0
DA:474,0
DA:477,0
DA:478,0
DA:481,0
DA:482,0
DA:485,0
DA:488,0
DA:496,0
DA:501,0
DA:502,0
DA:504,0
DA:505,0
DA:528,0
DA:534,0
DA:538,0
LF:134
LH:0
BRDA:70,0,0,0
BRDA:81,1,0,0
BRDA:85,2,0,0
BRDA:118,3,0,0
BRDA:123,4,0,0
BRDA:141,5,0,0
BRDA:145,6,0,0
BRDA:156,7,0,0
BRDA:171,8,0,0
BRDA:171,8,1,0
BRDA:186,9,0,0
BRDA:190,10,0,0
BRDA:201,11,0,0
BRDA:201,12,0,0
BRDA:201,12,1,0
BRDA:206,13,0,0
BRDA:212,14,0,0
BRDA:246,15,0,0
BRDA:246,16,0,0
BRDA:246,16,1,0
BRDA:266,17,0,0
BRDA:266,18,0,0
BRDA:266,18,1,0
BRDA:285,19,0,0
BRDA:285,19,1,0
BRDA:294,20,0,0
BRDA:294,20,1,0
BRDA:303,21,0,0
BRDA:314,22,0,0
BRDA:317,23,0,0
BRDA:317,23,1,0
BRDA:327,24,0,0
BRDA:328,25,0,0
BRDA:328,25,1,0
BRDA:385,26,0,0
BRDA:390,27,0,0
BRDA:390,28,0,0
BRDA:390,28,1,0
BRDA:396,29,0,0
BRDA:396,29,1,0
BRDA:405,30,0,0
BRDA:408,31,0,0
BRDA:413,32,0,0
BRDA:418,33,0,0
BRDA:419,34,0,0
BRDA:419,34,1,0
BRDA:499,35,0,0
BRDA:502,36,0,0
BRF:48
BRH:0
end_of_record
TN:
SF:src\js\lib\cep\node.ts
FNF:0
FNH:0
DA:4,0
DA:7,0
DA:10,0
DA:13,0
DA:16,0
DA:19,0
DA:22,0
DA:25,0
DA:28,0
DA:31,0
DA:34,0
DA:37,0
DA:40,0
DA:43,0
DA:46,0
DA:49,0
DA:52,0
DA:55,0
DA:58,0
DA:61,0
DA:64,0
DA:67,0
DA:70,0
DA:73,0
DA:76,0
DA:79,0
DA:82,0
DA:85,0
LF:28
LH:0
BRDA:5,0,0,0
BRDA:5,0,1,0
BRDA:8,1,0,0
BRDA:8,1,1,0
BRDA:11,2,0,0
BRDA:11,2,1,0
BRDA:14,3,0,0
BRDA:14,3,1,0
BRDA:17,4,0,0
BRDA:17,4,1,0
BRDA:20,5,0,0
BRDA:20,5,1,0
BRDA:23,6,0,0
BRDA:23,6,1,0
BRDA:26,7,0,0
BRDA:26,7,1,0
BRDA:29,8,0,0
BRDA:29,8,1,0
BRDA:32,9,0,0
BRDA:32,9,1,0
BRDA:35,10,0,0
BRDA:35,10,1,0
BRDA:38,11,0,0
BRDA:38,11,1,0
BRDA:41,12,0,0
BRDA:41,12,1,0
BRDA:44,13,0,0
BRDA:44,13,1,0
BRDA:47,14,0,0
BRDA:47,14,1,0
BRDA:50,15,0,0
BRDA:50,15,1,0
BRDA:53,16,0,0
BRDA:53,16,1,0
BRDA:56,17,0,0
BRDA:56,17,1,0
BRDA:59,18,0,0
BRDA:59,18,1,0
BRDA:62,19,0,0
BRDA:62,19,1,0
BRDA:65,20,0,0
BRDA:65,20,1,0
BRDA:68,21,0,0
BRDA:68,21,1,0
BRDA:71,22,0,0
BRDA:71,22,1,0
BRDA:74,23,0,0
BRDA:74,23,1,0
BRDA:77,24,0,0
BRDA:77,24,1,0
BRDA:80,25,0,0
BRDA:80,25,1,0
BRDA:83,26,0,0
BRDA:83,26,1,0
BRDA:86,27,0,0
BRDA:86,27,1,0
BRF:56
BRH:0
end_of_record
TN:
SF:src\js\lib\performance\debounce-throttle.ts
FN:9,debounce
FN:15,(anonymous_10)
FN:17,(anonymous_11)
FN:22,throttle
FN:28,(anonymous_13)
FN:38,useDebounce
FN:45,(anonymous_15)
FN:50,(anonymous_16)
FN:58,(anonymous_17)
FN:59,(anonymous_18)
FN:70,useThrottle
FN:77,(anonymous_20)
FN:91,useDebouncedValue
FN:94,(anonymous_22)
FN:95,(anonymous_23)
FN:99,(anonymous_24)
FN:108,advancedDebounce
FN:115,(anonymous_26)
FN:122,(anonymous_27)
FN:132,advancedThrottle
FN:142,(anonymous_29)
FN:160,(anonymous_30)
FN:170,batchCalls
FN:178,(anonymous_32)
FN:189,(anonymous_33)
FN:192,(anonymous_34)
FN:196,(anonymous_35)
[...]
FN:241,(anonymous_23)
FN:255,(anonymous_24)
FN:256,(anonymous_25)
FN:267,(anonymous_26)
FN:281,(anonymous_27)
FN:288,(anonymous_28)
FN:291,(anonymous_29)
FN:300,(anonymous_30)
FN:313,(anonymous_31)
FN:327,(anonymous_32)
FN:346,(anonymous_33)
FNF:25
FNH:0
FNDA:0,(anonymous_9)
FNDA:0,(anonymous_10)
FNDA:0,(anonymous_11)
FNDA:0,(anonymous_12)
FNDA:0,(anonymous_13)
FNDA:0,(anonymous_14)
FNDA:0,(anonymous_15)
FNDA:0,(anonymous_16)
FNDA:0,(anonymous_17)
FNDA:0,(anonymous_18)
FNDA:0,(anonymous_19)
FNDA:0,(anonymous_20)
FNDA:0,(anonymous_21)
FNDA:0,(anonymous_22)
FNDA:0,(anonymous_23)
FNDA:0,(anonymous_24)
FNDA:0,(anonymous_25)
FNDA:0,(anonymous_26)
FNDA:0,(anonymous_27)
FNDA:0,(anonymous_28)
FNDA:0,(anonymous_29)
FNDA:0,(anonymous_30)
FNDA:0,(anonymous_31)
FNDA:0,(anonymous_32)
FNDA:0,(anonymous_33)
DA:1,0
DA:2,0
DA:3,0
DA:4,0
DA:6,0
DA:7,0
DA:22,0
DA:23,0
DA:24,0
DA:27,0
DA:28,0
DA:31,0
DA:40,0
DA:72,0
DA:76,0
DA:77,0
DA:79,0
DA:80,0
DA:83,0
DA:93,0
DA:95,0
DA:96,0
DA:97,0
DA:101,0
DA:102,0
DA:104,0
DA:107,0
DA:114,0
DA:115,0
DA:157,0
DA:162,0
DA:163,0
DA:165,0
DA:166,0
DA:170,0
DA:171,0
DA:176,0
DA:177,0
DA:193,0
DA:201,0
DA:203,0
DA:204,0
DA:205,0
DA:210,0
DA:211,0
DA:212,0
DA:213,0
DA:214,0
DA:215,0
DA:216,0
DA:217,0
DA:218,0
DA:219,0
DA:220,0
DA:221,0
DA:223,0
DA:227,0
DA:231,0
DA:233,0
DA:234,0
DA:235,0
DA:237,0
DA:241,0
DA:242,0
DA:245,0
DA:255,0
DA:256,0
DA:257,0
DA:258,0
DA:259,0
DA:260,0
DA:263,0
DA:265,0
DA:267,0
DA:281,0
DA:282,0
DA:283,0
DA:284,0
DA:285,0
DA:288,0
DA:289,0
DA:292,0
DA:293,0
DA:294,0
DA:300,0
DA:301,0
DA:302,0
DA:303,0
DA:304,0
DA:306,0
DA:313,0
DA:318,0
DA:321,0
DA:322,0
DA:323,0
DA:327,0
DA:332,0
DA:335,0
DA:336,0
DA:337,0
DA:346,0
DA:347,0
DA:349,0
LF:103
LH:0
BRDA:22,0,0,0
BRDA:24,1,0,0
BRDA:24,1,1,0
BRDA:95,2,0,0
BRDA:97,3,0,0
BRDA:97,3,1,0
BRDA:98,4,0,0
BRDA:98,4,1,0
BRDA:160,5,0,0
BRDA:162,6,0,0
BRDA:162,6,1,0
BRDA:196,7,0,0
BRDA:197,8,0,0
BRDA:198,9,0,0
BRDA:199,10,0,0
BRDA:201,11,0,0
BRDA:201,11,1,0
BRDA:210,12,0,0
BRDA:212,13,0,0
BRDA:212,14,0,0
BRDA:212,14,1,0
BRDA:216,15,0,0
BRDA:216,15,1,0
BRDA:217,16,0,0
BRDA:219,17,0,0
BRDA:220,18,0,0
BRDA:227,19,0,0
BRDA:234,20,0,0
BRDA:234,20,1,0
BRDA:303,21,0,0
BRDA:303,21,1,0
BRDA:319,22,0,0
BRDA:319,22,1,0
BRDA:321,23,0,0
BRDA:333,24,0,0
BRDA:333,24,1,0
BRDA:335,25,0,0
BRDA:347,26,0,0
BRF:38
BRH:0
end_of_record
TN:
SF:src\js\lib\utils\cep.ts
FN:9,(anonymous_0)
FN:39,(anonymous_1)
FN:73,(anonymous_2)
FN:74,(anonymous_3)
FN:75,(anonymous_4)
FNF:5
FNH:0
FNDA:0,(anonymous_0)
FNDA:0,(anonymous_1)
FNDA:0,(anonymous_2)
FNDA:0,(anonymous_3)
FNDA:0,(anonymous_4)
DA:1,0
DA:2,0
DA:9,0
DA:11,0
DA:12,0
DA:13,0
DA:14,0
DA:15,0
DA:22,0
DA:23,0
DA:24,0
DA:25,0
DA:26,0
DA:35,0
DA:36,0
DA:39,0
DA:40,0
DA:41,0
DA:45,0
DA:46,0
DA:47,0
DA:48,0
DA:50,0
DA:52,0
DA:53,0
DA:54,0
DA:55,0
DA:57,0
DA:59,0
DA:60,0
DA:61,0
DA:62,0
DA:64,0
DA:73,0
DA:74,0
DA:75,0
LF:36
LH:0
BRDA:13,0,0,0
BRDA:13,0,1,0
BRDA:15,1,0,0
BRDA:41,2,0,0
BRDA:50,3,0,0
BRDA:50,4,0,0
BRDA:50,4,1,0
BRDA:52,5,0,0
BRDA:52,5,1,0
BRDA:53,6,0,0
BRDA:54,7,0,0
BRDA:54,7,1,0
BRDA:59,8,0,0
BRDA:60,9,0,0
BRDA:61,10,0,0
BRDA:61,10,1,0
BRF:16
BRH:0
end_of_record
TN:
SF:src\js\lib\utils\init-cep.ts
FN:4,(anonymous_0)
FN:24,(anonymous_1)
FN:58,(anonymous_2)
FN:73,(anonymous_3)
FN:83,(anonymous_4)
FN:92,(anonymous_5)
FN:93,(anonymous_6)
FN:102,(anonymous_7)
FNF:8
FNH:0
FNDA:0,(anonymous_0)
FNDA:0,(anonymous_1)
FNDA:0,(anonymous_2)
FNDA:0,(anonymous_3)
FNDA:0,(anonymous_4)
FNDA:0,(anonymous_5)
FNDA:0,(anonymous_6)
FNDA:0,(anonymous_7)
DA:1,0
DA:2,0
DA:4,0
DA:5,0
DA:6,0
DA:7,0
DA:10,0
DA:24,0
DA:26,0
DA:27,0
DA:29,0
DA:33,0
DA:36,0
DA:38,0
DA:40,0
DA:42,0
DA:43,0
DA:47,0
DA:48,0
DA:54,0
DA:58,0
DA:59,0
DA:60,0
DA:61,0
DA:64,0
DA:65,0
DA:74,0
DA:84,0
DA:89,0
DA:93,0
DA:98,0
DA:102,0
DA:103,0
DA:104,0
DA:105,0
DA:107,0
DA:110,0
LF:37
LH:0
BRDA:6,0,0,0
BRDA:26,1,0,0
BRDA:26,1,1,0
BRDA:38,2,0,0
BRDA:38,2,1,0
BRDA:40,3,0,0
BRDA:40,3,1,0
BRDA:42,4,0,0
BRDA:60,5,0,0
BRF:9
BRH:0
end_of_record
TN:
SF:src\js\lib\utils\ppro.ts
FN:4,(anonymous_0)
FN:7,(anonymous_1)
FN:69,(anonymous_2)
FN:70,(anonymous_3)
FN:76,(anonymous_4)
FN:77,(anonymous_5)
FNF:6
FNH:0
FNDA:0,(anonymous_0)
FNDA:0,(anonymous_1)
FNDA:0,(anonymous_2)
FNDA:0,(anonymous_3)
FNDA:0,(anonymous_4)
FNDA:0,(anonymous_5)
DA:1,0
DA:2,0
DA:4,0
DA:5,0
DA:7,0
DA:8,0
DA:10,0
DA:11,0
DA:17,0
DA:25,0
DA:26,0
DA:34,0
DA:42,0
DA:43,0
DA:44,0
DA:47,0
DA:50,0
DA:53,0
DA:57,0
DA:58,0
DA:60,0
DA:61,0
DA:62,0
DA:63,0
DA:64,0
DA:69,0
DA:70,0
DA:71,0
DA:76,0
DA:77,0
DA:79,0
DA:82,0
LF:32
LH:0
BRDA:5,0,0,0
BRDA:5,0,1,0
BRDA:12,1,0,0
BRDA:12,1,1,0
BRDA:44,2,0,0
BRDA:44,2,1,0
BRDA:47,3,0,0
BRDA:47,3,1,0
BRDA:50,4,0,0
BRDA:50,4,1,0
BRDA:53,5,0,0
BRDA:53,5,1,0
BRF:12
BRH:0
end_of_record
TN:
SF:src\js\main\index-react.tsx
FNF:0
FNH:0
DA:1,0
DA:2,0
DA:3,0
DA:4,0
DA:5,0
DA:7,0
DA:9,0
LF:7
LH:0
BRF:0
BRH:0
end_of_record
TN:
SF:src\js\main\main.tsx
FN:11,(anonymous_1)
FN:14,(anonymous_2)
FNF:2
FNH:2
FNDA:27,(anonymous_1)
FNDA:27,(anonymous_2)
DA:1,2
DA:2,2
DA:3,2
DA:4,2
DA:5,2
DA:6,2
DA:7,2
DA:8,2
DA:9,2
DA:11,2
DA:12,27
DA:14,27
DA:15,27
DA:16,27
DA:17,27
DA:21,0
DA:25,27
LF:17
LH:16
BRDA:16,0,0,27
BRF:1
BRH:1
end_of_record
TN:
SF:src\js\test\test-utils.tsx
FN:22,(anonymous_5)
FN:32,(anonymous_6)
FN:36,(anonymous_7)
FN:46,(anonymous_8)
FN:56,(anonymous_9)
FN:65,(anonymous_10)
FN:74,(anonymous_11)
FN:82,(anonymous_12)
FN:93,(anonymous_13)
FN:102,(anonymous_14)
FN:103,(anonymous_15)
FN:106,(anonymous_16)
FN:107,(anonymous_17)
FN:111,(anonymous_18)
FN:114,(anonymous_19)
FN:118,(anonymous_20)
FN:123,(anonymous_21)
FN:126,(anonymous_22)
FN:130,(anonymous_23)
FN:136,(anonymous_24)
FN:144,(anonymous_25)
FNF:21
FNH:11
FNDA:39,(anonymous_5)
FNDA:39,(anonymous_6)
FNDA:39,(anonymous_7)
FNDA:2,(anonymous_8)
FNDA:0,(anonymous_9)
FNDA:0,(anonymous_10)
FNDA:0,(anonymous_11)
FNDA:4,(anonymous_12)
FNDA:0,(anonymous_13)
FNDA:0,(anonymous_14)
FNDA:0,(anonymous_15)
FNDA:0,(anonymous_16)
FNDA:0,(anonymous_17)
FNDA:66,(anonymous_18)
FNDA:216,(anonymous_19)
FNDA:409,(anonymous_20)
FNDA:3,(anonymous_21)
FNDA:4,(anonymous_22)
FNDA:7,(anonymous_23)
FNDA:0,(anonymous_24)
FNDA:0,(anonymous_25)
DA:6,6
DA:7,6
DA:8,6
DA:9,6
DA:10,6
DA:11,6
DA:22,6
DA:23,39
DA:32,6
DA:33,39
DA:35,39
DA:37,39
DA:46,6
DA:56,6
DA:65,6
DA:74,6
DA:76,0
DA:82,6
DA:83,4
DA:93,6
DA:94,0
DA:102,6
DA:103,0
DA:106,6
DA:107,0
DA:111,6
DA:112,66
DA:113,66
DA:115,216
DA:118,66
DA:119,409
DA:123,6
DA:124,3
DA:125,3
DA:127,4
DA:130,3
DA:131,7
DA:136,6
DA:137,0
DA:138,0
DA:139,0
DA:141,0
DA:144,6
DA:145,0
DA:149,6
DA:150,6
LF:46
LH:37
BRDA:32,0,0,39
BRDA:46,1,0,2
BRDA:56,2,0,0
BRDA:65,3,0,0
BRDA:75,4,0,0
BRDA:82,5,0,1
BRDA:85,6,0,4
BRDA:85,6,1,1
BRDA:86,7,0,4
BRDA:86,7,1,4
BRDA:87,8,0,4
BRDA:87,8,1,4
BRDA:88,9,0,4
BRDA:88,9,1,4
BRDA:93,10,0,0
BRDA:95,11,0,0
BRDA:95,11,1,0
BRDA:96,12,0,0
BRDA:96,12,1,0
BRDA:102,13,0,0
BRDA:119,14,0,409
BRDA:119,14,1,0
BRDA:123,15,0,0
BRDA:138,16,0,0
BRF:24
BRH:12
end_of_record
TN:
SF:src\js\types\settings.ts
FN:178,(anonymous_0)
FNF:1
FNH:1
FNDA:14,(anonymous_0)
DA:85,6
DA:100,6
DA:118,6
DA:130,6
DA:140,6
DA:158,6
DA:166,6
DA:178,6
DA:181,14
LF:9
LH:9
BRDA:188,0,0,14
BRDA:188,0,1,13
BRF:2
BRH:2
end_of_record
TN:
SF:src\jsx\index.ts
FN:13,(anonymous_9)
FN:14,(anonymous_10)
FN:17,(anonymous_11)
FNF:3
FNH:0
FNDA:0,(anonymous_9)
FNDA:0,(anonymous_10)
FNDA:0,(anonymous_11)
DA:3,0
DA:5,0
DA:8,0
DA:13,0
DA:14,0
DA:15,0
DA:17,0
DA:19,0
DA:22,0
DA:23,0
DA:24,0
DA:26,0
DA:28,0
DA:29,0
DA:30,0
DA:31,0
DA:32,0
DA:33,0
DA:36,0
DA:38,0
DA:39,0
DA:40,0
DA:43,0
DA:45,0
DA:46,0
DA:49,0
DA:50,0
DA:53,0
DA:56,0
DA:59,0
DA:60,0
DA:63,0
LF:32
LH:0
BRDA:8,0,0,0
BRDA:8,0,1,0
BRDA:19,1,0,0
BRDA:19,1,1,0
BRDA:22,2,0,0
BRDA:22,2,1,0
BRDA:24,3,0,0
BRDA:26,4,0,0
BRDA:29,5,0,0
BRDA:30,6,0,0
BRDA:31,7,0,0
BRDA:32,8,0,0
BRDA:33,9,0,0
BRDA:36,10,0,0
BRDA:39,11,0,0
BRDA:40,12,0,0
BRDA:43,13,0,0
BRDA:46,14,0,0
BRDA:49,15,0,0
BRDA:49,16,0,0
BRDA:49,16,1,0
BRDA:56,17,0,0
BRDA:56,17,1,0
BRF:23
BRH:0
end_of_record
TN:
SF:src\jsx\aeft\ae-api.ts
FN:18,(anonymous_0)
FN:49,(anonymous_1)
FN:78,(anonymous_2)
FN:106,(anonymous_3)
FN:128,(anonymous_4)
FN:151,(anonymous_5)
FN:167,(anonymous_6)
FN:187,(anonymous_7)
FN:316,validateLineSyntax
FN:427,(anonymous_9)
FN:450,(anonymous_10)
FN:516,(anonymous_11)
FN:542,(anonymous_12)
FN:566,getPropertyByPath
FN:610,collectLayerProperties
FN:663,getPropertyType
FN:695,getLayerPropertyCount
FN:725,getLayerProperty
FN:762,collectLayerExpressions
FN:776,(anonymous_19)
FN:804,(anonymous_20)
FN:831,(anonymous_21)
FN:881,(anonymous_22)
FN:899,(anonymous_23)
FN:973,collectPropertyExpressions
FNF:25
FNH:0
FNDA:0,(anonymous_0)
FNDA:0,(anonymous_1)
FNDA:0,(anonymous_2)
FNDA:0,(anonymous_3)
FNDA:0,(anonymous_4)
FNDA:0,(anonymous_5)
FNDA:0,(anonymous_6)
FNDA:0,(anonymous_7)
FNDA:0,validateLineSyntax
FNDA:0,(anonymous_9)
FNDA:0,(anonymous_10)
FNDA:0,(anonymous_11)
FNDA:0,(anonymous_12)
FNDA:0,getPropertyByPath
FNDA:0,collectLayerProperties
FNDA:0,getPropertyType
FNDA:0,getLayerPropertyCount
FNDA:0,getLayerProperty
FNDA:0,collectLayerExpressions
FNDA:0,(anonymous_19)
FNDA:0,(anonymous_20)
FNDA:0,(anonymous_21)
FNDA:0,(anonymous_22)
FNDA:0,(anonymous_23)
FNDA:0,collectPropertyExpressions
DA:18,0
DA:19,0
DA:20,0
DA:21,0
DA:22,0
DA:25,0
DA:27,0
DA:28,0
DA:29,0
DA:30,0
DA:40,0
DA:42,0
DA:49,0
DA:50,0
DA:51,0
DA:52,0
DA:53,0
DA:56,0
DA:58,0
DA:59,0
DA:60,0
DA:69,0
DA:71,0
DA:78,0
DA:79,0
DA:80,0
DA:81,0
DA:82,0
DA:85,0
DA:86,0
DA:87,0
DA:90,0
DA:91,0
DA:99,0
DA:106,0
DA:107,0
DA:108,0
DA:109,0
DA:110,0
DA:113,0
DA:114,0
DA:115,0
DA:118,0
DA:119,0
DA:121,0
DA:128,0
DA:129,0
DA:130,0
DA:131,0
DA:132,0
DA:135,0
DA:136,0
DA:137,0
DA:140,0
DA:141,0
DA:142,0
DA:144,0
DA:151,0
DA:152,0
DA:153,0
DA:154,0
DA:155,0
DA:158,0
DA:160,0
DA:167,0
DA:171,0
DA:172,0
DA:173,0
DA:174,0
DA:177,0
DA:178,0
DA:180,0
DA:187,0
DA:188,0
DA:189,0
DA:191,0
DA:193,0
DA:194,0
DA:195,0
DA:199,0
DA:200,0
DA:201,0
DA:202,0
DA:204,0
DA:205,0
DA:206,0
DA:209,0
DA:210,0
DA:214,0
DA:215,0
DA:216,0
DA:218,0
DA:219,0
DA:221,0
DA:222,0
DA:223,0
DA:230,0
DA:232,0
DA:233,0
DA:235,0
DA:236,0
DA:237,0
DA:244,0
DA:246,0
DA:247,0
DA:249,0
DA:250,0
DA:251,0
DA:258,0
DA:263,0
DA:267,0
DA:268,0
DA:275,0
DA:276,0
DA:283,0
DA:284,0
DA:292,0
DA:298,0
DA:305,0
DA:323,0
DA:329,0
DA:330,0
DA:332,0
DA:333,0
DA:343,0
DA:360,0
DA:362,0
DA:363,0
DA:373,0
DA:386,0
DA:388,0
DA:389,0
DA:399,0
DA:411,0
DA:413,0
DA:414,0
DA:427,0
DA:428,0
DA:429,0
DA:430,0
DA:431,0
DA:434,0
DA:436,0
DA:437,0
DA:438,0
DA:441,0
DA:443,0
DA:450,0
DA:454,0
DA:455,0
DA:456,0
DA:458,0
DA:459,0
DA:460,0
DA:462,0
DA:463,0
DA:464,0
DA:466,0
DA:467,0
DA:468,0
DA:470,0
DA:471,0
DA:479,0
DA:483,0
DA:484,0
DA:485,0
DA:487,0
DA:488,0
DA:493,0
DA:498,0
DA:499,0
DA:507,0
DA:509,0
DA:516,0
DA:517,0
DA:518,0
DA:519,0
DA:520,0
DA:523,0
DA:524,0
DA:525,0
DA:528,0
DA:529,0
DA:531,0
DA:533,0
DA:535,0
DA:542,0
DA:543,0
DA:544,0
DA:545,0
DA:546,0
DA:549,0
DA:559,0
DA:567,0
DA:568,0
DA:569,0
DA:570,0
DA:574,0
DA:575,0
DA:576,0
DA:579,0
DA:580,0
DA:581,0
DA:584,0
DA:585,0
DA:588,0
DA:589,0
DA:590,0
DA:591,0
DA:592,0
DA:594,0
DA:597,0
DA:601,0
DA:603,0
DA:615,0
DA:616,0
DA:617,0
DA:618,0
DA:627,0
DA:632,0
DA:636,0
DA:637,0
DA:639,0
DA:643,0
DA:644,0
DA:647,0
DA:651,0
DA:664,0
DA:665,0
DA:666,0
DA:667,0
DA:668,0
DA:669,0
DA:670,0
DA:671,0
DA:672,0
DA:673,0
DA:674,0
DA:675,0
DA:676,0
DA:677,0
DA:678,0
DA:679,0
DA:680,0
DA:681,0
DA:682,0
DA:683,0
DA:684,0
DA:686,0
DA:688,0
DA:696,0
DA:698,0
DA:706,0
DA:707,0
DA:708,0
DA:709,0
DA:710,0
DA:716,0
DA:718,0
DA:729,0
DA:730,0
DA:738,0
DA:739,0
DA:740,0
DA:741,0
DA:742,0
DA:743,0
DA:744,0
DA:745,0
DA:753,0
DA:755,0
DA:766,0
DA:767,0
DA:776,0
DA:777,0
DA:778,0
DA:779,0
DA:781,0
DA:797,0
DA:804,0
DA:805,0
DA:806,0
DA:807,0
DA:808,0
DA:811,0
DA:824,0
DA:831,0
DA:832,0
DA:833,0
DA:836,0
DA:837,0
DA:838,0
DA:842,0
DA:843,0
DA:844,0
DA:846,0
DA:849,0
DA:855,0
DA:856,0
DA:857,0
DA:861,0
DA:872,0
DA:874,0
DA:881,0
DA:882,0
DA:883,0
DA:884,0
DA:885,0
DA:889,0
DA:890,0
DA:892,0
DA:899,0
DA:903,0
DA:904,0
DA:905,0
DA:906,0
DA:921,0
DA:922,0
DA:923,0
DA:927,0
DA:928,0
DA:929,0
DA:931,0
DA:933,0
DA:939,0
DA:941,0
DA:955,0
DA:979,0
DA:980,0
DA:981,0
DA:982,0
DA:989,0
DA:990,0
DA:991,0
DA:992,0
DA:995,0
LF:336
LH:0
BRDA:21,0,0,0
BRDA:21,1,0,0
BRDA:21,1,1,0
BRDA:29,2,0,0
BRDA:33,3,0,0
BRDA:33,3,1,0
BRDA:52,4,0,0
BRDA:52,5,0,0
BRDA:52,5,1,0
BRDA:63,6,0,0
BRDA:63,6,1,0
BRDA:81,7,0,0
BRDA:81,8,0,0
BRDA:81,8,1,0
BRDA:86,9,0,0
BRDA:86,10,0,0
BRDA:86,10,1,0
BRDA:86,10,2,0
BRDA:94,11,0,0
BRDA:94,11,1,0
BRDA:109,12,0,0
BRDA:109,13,0,0
BRDA:109,13,1,0
BRDA:114,14,0,0
BRDA:114,15,0,0
BRDA:114,15,1,0
BRDA:114,15,2,0
BRDA:119,16,0,0
BRDA:119,16,1,0
BRDA:131,17,0,0
BRDA:131,18,0,0
BRDA:131,18,1,0
BRDA:136,19,0,0
BRDA:136,20,0,0
BRDA:136,20,1,0
BRDA:136,20,2,0
BRDA:154,21,0,0
BRDA:158,22,0,0
BRDA:158,22,1,0
BRDA:173,23,0,0
BRDA:194,24,0,0
BRDA:209,25,0,0
BRDA:209,26,0,0
BRDA:209,26,1,0
BRDA:216,27,0,0
BRDA:216,27,1,0
BRDA:216,27,2,0
BRDA:216,27,3,0
BRDA:216,27,4,0
BRDA:216,27,5,0
BRDA:222,28,0,0
BRDA:236,29,0,0
BRDA:250,30,0,0
BRDA:267,31,0,0
BRDA:275,32,0,0
BRDA:283,33,0,0
BRDA:367,34,0,0
BRDA:367,34,1,0
BRDA:430,35,0,0
BRDA:430,36,0,0
BRDA:430,36,1,0
BRDA:466,37,0,0
BRDA:466,37,1,0
BRDA:498,38,0,0
BRDA:519,39,0,0
BRDA:519,40,0,0
BRDA:519,40,1,0
BRDA:524,41,0,0
BRDA:524,42,0,0
BRDA:524,42,1,0
BRDA:524,42,2,0
BRDA:545,43,0,0
BRDA:552,44,0,0
BRDA:552,44,1,0
BRDA:554,45,0,0
BRDA:554,45,1,0
BRDA:569,46,0,0
BRDA:569,47,0,0
BRDA:569,47,1,0
BRDA:575,48,0,0
BRDA:580,49,0,0
BRDA:580,50,0,0
BRDA:580,50,1,0
BRDA:580,50,2,0
BRDA:590,51,0,0
BRDA:590,51,1,0
BRDA:601,52,0,0
BRDA:601,52,1,0
BRDA:616,53,0,0
BRDA:616,53,1,0
BRDA:617,54,0,0
BRDA:617,54,1,0
BRDA:621,55,0,0
BRDA:621,55,1,0
BRDA:623,56,0,0
BRDA:623,56,1,0
BRDA:627,57,0,0
BRDA:628,58,0,0
BRDA:628,58,1,0
BRDA:632,59,0,0
BRDA:632,59,1,0
BRDA:639,60,0,0
BRDA:639,60,1,0
BRDA:643,61,0,0
BRDA:644,62,0,0
BRDA:644,62,1,0
BRDA:665,63,0,0
BRDA:665,63,1,0
BRDA:667,64,0,0
BRDA:667,64,1,0
BRDA:669,65,0,0
BRDA:669,65,1,0
BRDA:671,66,0,0
BRDA:671,66,1,0
BRDA:673,67,0,0
BRDA:673,67,1,0
BRDA:675,68,0,0
BRDA:675,68,1,0
BRDA:677,69,0,0
BRDA:677,69,1,0
BRDA:679,70,0,0
BRDA:679,70,1,0
BRDA:681,71,0,0
BRDA:681,71,1,0
BRDA:683,72,0,0
BRDA:710,73,0,0
BRDA:742,74,0,0
BRDA:744,75,0,0
BRDA:782,76,0,0
BRDA:782,76,1,0
BRDA:783,77,0,0
BRDA:783,77,1,0
BRDA:785,78,0,0
BRDA:785,78,1,0
BRDA:787,79,0,0
BRDA:787,79,1,0
BRDA:789,80,0,0
BRDA:789,80,1,0
BRDA:791,81,0,0
BRDA:791,81,1,0
BRDA:807,82,0,0
BRDA:807,83,0,0
BRDA:807,83,1,0
BRDA:856,84,0,0
BRDA:866,85,0,0
BRDA:866,85,1,0
BRDA:884,86,0,0
BRDA:889,87,0,0
BRDA:889,87,1,0
BRDA:905,88,0,0
BRDA:922,89,0,0
BRDA:980,90,0,0
BRDA:980,90,1,0
BRDA:981,91,0,0
BRDA:981,92,0,0
BRDA:981,92,1,0
BRDA:989,93,0,0
BRDA:992,94,0,0
BRDA:992,94,1,0
BRF:159
BRH:0
end_of_record
TN:
SF:src\jsx\aeft\aeft-utils.ts
FN:1,(anonymous_0)
FN:11,(anonymous_1)
FN:29,(anonymous_2)
FN:40,(anonymous_3)
FN:49,(anonymous_4)
FN:58,(anonymous_5)
FN:69,(anonymous_6)
FN:82,(anonymous_7)
FNF:8
FNH:0
FNDA:0,(anonymous_0)
FNDA:0,(anonymous_1)
FNDA:0,(anonymous_2)
FNDA:0,(anonymous_3)
FNDA:0,(anonymous_4)
FNDA:0,(anonymous_5)
FNDA:0,(anonymous_6)
FNDA:0,(anonymous_7)
DA:1,0
DA:5,0
DA:6,0
DA:7,0
DA:11,0
DA:15,0
DA:16,0
DA:17,0
DA:18,0
DA:19,0
DA:20,0
DA:23,0
DA:24,0
DA:25,0
DA:29,0
DA:30,0
DA:40,0
DA:41,0
DA:42,0
DA:43,0
DA:45,0
DA:49,0
DA:50,0
DA:51,0
DA:53,0
DA:58,0
DA:59,0
DA:60,0
DA:61,0
DA:62,0
DA:69,0
DA:70,0
DA:71,0
DA:73,0
DA:74,0
DA:75,0
DA:76,0
DA:77,0
DA:78,0
DA:79,0
DA:82,0
DA:83,0
DA:84,0
DA:86,0
DA:87,0
DA:88,0
DA:89,0
DA:90,0
DA:91,0
LF:49
LH:0
BRDA:19,0,0,0
BRDA:42,1,0,0
BRDA:42,1,1,0
BRDA:50,2,0,0
BRDA:61,3,0,0
BRDA:70,4,0,0
BRDA:73,5,0,0
BRDA:73,6,0,0
BRDA:73,6,1,0
BRDA:73,6,2,0
BRDA:83,7,0,0
BRDA:86,8,0,0
BRDA:86,9,0,0
BRDA:86,9,1,0
BRDA:86,9,2,0
BRF:15
BRH:0
end_of_record
TN:
SF:src\jsx\aeft\aeft.ts
FN:9,(anonymous_9)
FN:9,(anonymous_10)
FN:9,(anonymous_11)
FN:9,(anonymous_12)
FN:9,(anonymous_13)
FN:9,(anonymous_14)
FN:14,(anonymous_15)
FN:20,(anonymous_16)
FN:24,(anonymous_17)
FN:28,(anonymous_18)
FN:32,(anonymous_19)
FN:36,(anonymous_20)
FN:40,(anonymous_21)
FN:44,(anonymous_22)
FN:48,(anonymous_23)
FN:52,(anonymous_24)
FN:59,(anonymous_25)
FN:63,(anonymous_26)
FN:67,(anonymous_27)
FN:71,(anonymous_28)
FN:75,(anonymous_29)
FN:79,(anonymous_30)
FN:83,(anonymous_31)
FNF:23
FNH:0
FNDA:0,(anonymous_9)
FNDA:0,(anonymous_10)
FNDA:0,(anonymous_11)
FNDA:0,(anonymous_12)
FNDA:0,(anonymous_13)
FNDA:0,(anonymous_14)
FNDA:0,(anonymous_15)
FNDA:0,(anonymous_16)
FNDA:0,(anonymous_17)
FNDA:0,(anonymous_18)
FNDA:0,(anonymous_19)
FNDA:0,(anonymous_20)
FNDA:0,(anonymous_21)
FNDA:0,(anonymous_22)
FNDA:0,(anonymous_23)
FNDA:0,(anonymous_24)
FNDA:0,(anonymous_25)
FNDA:0,(anonymous_26)
FNDA:0,(anonymous_27)
FNDA:0,(anonymous_28)
FNDA:0,(anonymous_29)
FNDA:0,(anonymous_30)
FNDA:0,(anonymous_31)
DA:1,0
DA:9,0
DA:11,0
DA:14,0
DA:15,0
DA:16,0
DA:20,0
DA:21,0
DA:24,0
DA:25,0
DA:28,0
DA:29,0
DA:32,0
DA:33,0
DA:36,0
DA:37,0
DA:40,0
DA:41,0
DA:44,0
DA:45,0
DA:48,0
DA:49,0
DA:52,0
DA:56,0
DA:59,0
DA:60,0
DA:63,0
DA:64,0
DA:67,0
DA:68,0
DA:71,0
DA:72,0
DA:75,0
DA:76,0
DA:79,0
DA:80,0
DA:83,0
DA:84,0
LF:38
LH:0
BRF:0
BRH:0
end_of_record
TN:
SF:src\jsx\aeft\cep-bridge.ts
FN:12,(anonymous_9)
FN:24,(anonymous_10)
FN:39,(anonymous_11)
FN:54,(anonymous_12)
FN:71,(anonymous_13)
FN:91,(anonymous_14)
FN:105,(anonymous_15)
FN:117,(anonymous_16)
FN:129,(anonymous_17)
FN:141,(anonymous_18)
FN:156,(anonymous_19)
FN:173,(anonymous_20)
FN:188,(anonymous_21)
FN:200,(anonymous_22)
FN:212,(anonymous_23)
FN:224,(anonymous_24)
FN:236,handleBridgeError
FN:254,(anonymous_26)
FNF:18
FNH:0
FNDA:0,(anonymous_9)
FNDA:0,(anonymous_10)
FNDA:0,(anonymous_11)
FNDA:0,(anonymous_12)
FNDA:0,(anonymous_13)
FNDA:0,(anonymous_14)
FNDA:0,(anonymous_15)
FNDA:0,(anonymous_16)
FNDA:0,(anonymous_17)
FNDA:0,(anonymous_18)
FNDA:0,(anonymous_19)
FNDA:0,(anonymous_20)
FNDA:0,(anonymous_21)
FNDA:0,(anonymous_22)
FNDA:0,(anonymous_23)
FNDA:0,(anonymous_24)
FNDA:0,handleBridgeError
FNDA:0,(anonymous_26)
DA:2,0
DA:3,0
DA:12,0
DA:13,0
DA:14,0
DA:15,0
DA:17,0
DA:24,0
DA:25,0
DA:26,0
DA:27,0
DA:32,0
DA:39,0
DA:40,0
DA:41,0
DA:42,0
DA:47,0
DA:54,0
DA:57,0
DA:58,0
DA:59,0
DA:64,0
DA:71,0
DA:74,0
DA:75,0
DA:79,0
DA:84,0
DA:91,0
DA:94,0
DA:95,0
DA:96,0
DA:98,0
DA:105,0
DA:106,0
DA:107,0
DA:108,0
DA:110,0
DA:117,0
DA:118,0
DA:119,0
DA:120,0
DA:122,0
DA:129,0
DA:130,0
DA:131,0
DA:132,0
DA:134,0
DA:141,0
DA:142,0
DA:143,0
DA:144,0
DA:149,0
DA:156,0
DA:159,0
DA:160,0
DA:161,0
DA:166,0
DA:173,0
DA:174,0
DA:175,0
DA:176,0
DA:181,0
DA:188,0
DA:189,0
DA:190,0
DA:191,0
DA:193,0
DA:200,0
DA:201,0
DA:202,0
DA:203,0
DA:205,0
DA:212,0
DA:213,0
DA:214,0
DA:215,0
DA:217,0
DA:224,0
DA:225,0
DA:226,0
DA:227,0
DA:229,0
DA:237,0
DA:238,0
DA:248,0
DA:254,0
LF:86
LH:0
BRF:0
BRH:0
end_of_record
TN:
SF:src\jsx\utils\samples.ts
FN:1,(anonymous_0)
FN:4,(anonymous_1)
FN:10,(anonymous_2)
FN:14,(anonymous_3)
FN:18,(anonymous_4)
FN:24,(anonymous_5)
FNF:6
FNH:0
FNDA:0,(anonymous_0)
FNDA:0,(anonymous_1)
FNDA:0,(anonymous_2)
FNDA:0,(anonymous_3)
FNDA:0,(anonymous_4)
FNDA:0,(anonymous_5)
DA:1,0
DA:2,0
DA:4,0
DA:7,0
DA:10,0
DA:11,0
DA:12,0
DA:14,0
DA:15,0
DA:16,0
DA:18,0
DA:19,0
DA:22,0
DA:24,0
DA:25,0
DA:26,0
LF:16
LH:0
BRF:0
BRH:0
end_of_record
TN:
SF:src\jsx\utils\utils.ts
FN:10,(anonymous_0)
FN:22,(anonymous_1)
FN:31,(anonymous_2)
FN:42,(anonymous_3)
FN:55,(anonymous_4)
FN:65,(anonymous_5)
FN:76,(anonymous_6)
FNF:7
FNH:0
FNDA:0,(anonymous_0)
FNDA:0,(anonymous_1)
FNDA:0,(anonymous_2)
FNDA:0,(anonymous_3)
FNDA:0,(anonymous_4)
FNDA:0,(anonymous_5)
FNDA:0,(anonymous_6)
DA:2,0
DA:10,0
DA:14,0
DA:15,0
DA:16,0
DA:17,0
DA:18,0
DA:22,0
DA:26,0
DA:27,0
DA:31,0
DA:35,0
DA:36,0
DA:37,0
DA:39,0
DA:42,0
DA:46,0
DA:47,0
DA:48,0
DA:49,0
DA:52,0
DA:55,0
DA:56,0
DA:57,0
DA:58,0
DA:59,0
DA:62,0
DA:65,0
DA:66,0
DA:67,0
DA:68,0
DA:69,0
DA:72,0
DA:76,0
DA:77,0
DA:78,0
DA:79,0
DA:80,0
DA:81,0
DA:83,0
LF:40
LH:0
BRDA:14,0,0,0
BRDA:48,1,0,0
BRDA:58,2,0,0
BRDA:68,3,0,0
BRDA:77,4,0,0
BRDA:77,4,1,0
BRF:6
BRH:0
end_of_record
TN:
SF:src\shared\shared.ts
FNF:0
FNH:0
DA:1,0
DA:2,0
DA:3,0
DA:4,0
DA:5,0
LF:5
LH:0
BRF:0
BRH:0
end_of_record
